[2016.06.12-09.54.25:542][  0]Log file open, 06/12/16 17:54:25
[2016.06.12-09.54.25:543][  0]LogInit:Display: Running engine for game: SpeedParkour
[2016.06.12-09.54.25:543][  0]LogInit:Display: RandInit(-1478168037) SRandInit(-1478168036).
[2016.06.12-09.54.25:543][  0]LogTaskGraph: Started task graph with 4 named threads and 5 total threads.
[2016.06.12-09.54.25:543][  0]LogStats: Stats thread started at 8.594375
[2016.06.12-09.54.25:543][  0]LogInit: Version: 4.9.2-2707645+++depot+UE4-Releases+4.9
[2016.06.12-09.54.25:543][  0]LogInit: API Version: 2672455
[2016.06.12-09.54.25:543][  0]LogInit: Compiled (64-bit): Sep 28 2015 10:25:44
[2016.06.12-09.54.25:543][  0]LogInit: Compiled with Visual C++: 18.00.21005.01
[2016.06.12-09.54.25:543][  0]LogInit: Build Configuration: Development
[2016.06.12-09.54.25:543][  0]LogInit: Branch Name: ++depot+UE4-Releases+4.9
[2016.06.12-09.54.25:543][  0]LogInit: Command line:  
[2016.06.12-09.54.25:543][  0]LogInit: Base directory: E:/UnrealEngine4/Epic Games/4.9/Engine/Binaries/Win64/
[2016.06.12-09.54.25:543][  0]LogInit: Rocket: 1
[2016.06.12-09.54.25:726][  0]LogInit: Using libcurl 7.41.0
[2016.06.12-09.54.25:726][  0]LogInit:  - built for x86_64-pc-win32
[2016.06.12-09.54.25:726][  0]LogInit:  - supports SSL with WinSSL
[2016.06.12-09.54.25:726][  0]LogInit:  - other features:
[2016.06.12-09.54.25:726][  0]LogInit:      CURL_VERSION_SSL
[2016.06.12-09.54.25:726][  0]LogInit:      CURL_VERSION_IPV6
[2016.06.12-09.54.25:726][  0]LogInit:      CURL_VERSION_ASYNCHDNS
[2016.06.12-09.54.25:726][  0]LogInit:      CURL_VERSION_LARGEFILE
[2016.06.12-09.54.25:726][  0]LogInit:      CURL_VERSION_IDN
[2016.06.12-09.54.25:727][  0]LogInit:  CurlRequestOptions (configurable via config and command line):
[2016.06.12-09.54.25:727][  0]LogInit:  - bVerifyPeer = true  - Libcurl will verify peer certificate
[2016.06.12-09.54.25:727][  0]LogInit:  - bUseHttpProxy = false  - Libcurl will NOT use HTTP proxy
[2016.06.12-09.54.25:727][  0]LogInit:  - bDontReuseConnections = false  - Libcurl will reuse connections
[2016.06.12-09.54.25:727][  0]LogInit:  - CertBundlePath = nullptr  - Libcurl will use whatever was configured at build time.
[2016.06.12-09.54.25:920][  0]LogInit: Presizing for 0 objects not considered by GC, pre-allocating 0 bytes.
[2016.06.12-09.54.26:373][  0]LogInit: Object subsystem initialized
[2016.06.12-09.54.26:712][  0]LogInit: Selected Device Profile: [Windows]
[2016.06.12-09.54.26:713][  0]LogInit: Applying CVar settings loaded from the selected device profile: [Windows]
[2016.06.12-09.54.26:885][  0]LogInit: Computer: PC201501221951
[2016.06.12-09.54.26:885][  0]LogInit: User: Administrator
[2016.06.12-09.54.26:885][  0]LogInit: CPU Page size=4096, Cores=2
[2016.06.12-09.54.26:899][  0]LogInit: High frequency timer resolution =2.435947 MHz
[2016.06.12-09.54.26:900][  0]LogMemory: Memory total: Physical=7.9GB (8GB approx)
[2016.06.12-09.54.26:900][  0]LogMemory: Platform Memory Stats for Windows
[2016.06.12-09.54.26:900][  0]LogMemory: Process Physical Memory: 53.66 MB used, 53.66 MB peak
[2016.06.12-09.54.26:900][  0]LogMemory: Process Virtual Memory: 56.20 MB used, 56.20 MB peak
[2016.06.12-09.54.26:900][  0]LogMemory: Physical Memory: 2332.91 MB used, 8090.36 MB total
[2016.06.12-09.54.26:900][  0]LogMemory: Virtual Memory: 336.61 MB used, 8388608.00 MB total
[2016.06.12-09.54.31:522][  0]LogD3D11RHI: Found D3D11 adapter 0: Intel(R) HD Graphics 4000 (Feature Level 11_0)
[2016.06.12-09.54.31:523][  0]LogD3D11RHI: Adapter has 1071MB of dedicated video memory, 0MB of dedicated system memory, and 3789MB of shared system memory, 1 output[s]
[2016.06.12-09.54.31:523][  0]LogD3D11RHI: Chosen D3D11 Adapter Id = 0
[2016.06.12-09.54.31:533][  0]LogD3D11RHI: !Direct3DDevice
[2016.06.12-09.54.31:534][  0]LogRHI: Texture pool is 1361 MB (70% of 1945 MB)
[2016.06.12-09.54.31:545][  0]LogD3D11RHI: Async texture creation enabled
[2016.06.12-09.54.32:124][  0]LogShaderCompilers: Guid format shader working directory is 15 characters bigger than the processId version (D:/Documents/Unreal Projects/SpeedParkour/Intermediate/Shaders/WorkingDirectory/4176/).
[2016.06.12-09.54.32:125][  0]LogShaderCompilers: Cleaned the shader compiler working directory 'D:/Documents/Unreal Projects/SpeedParkour/Intermediate/Shaders/tmp/03AE12054EB9E7972280CCBF044AC687/'.
[2016.06.12-09.54.32:133][  0]LogShaderCompilers:Display: Using Local Shader Compiler.
[2016.06.12-09.54.47:028][  0]LogTemp:Display: Loaded TP AllDesktopTargetPlatform
[2016.06.12-09.54.47:054][  0]LogTemp:Display: Loaded TP WindowsClientTargetPlatform
[2016.06.12-09.54.47:125][  0]LogTemp:Display: Loaded TP WindowsNoEditorTargetPlatform
[2016.06.12-09.54.47:188][  0]LogTemp:Display: Loaded TP WindowsServerTargetPlatform
[2016.06.12-09.54.47:215][  0]LogTemp:Display: Loaded TP WindowsTargetPlatform
[2016.06.12-09.54.47:254][  0]LogTemp:Display: Loaded TP AndroidTargetPlatform
[2016.06.12-09.54.47:274][  0]LogTemp:Display: Loaded TP Android_ASTCTargetPlatform
[2016.06.12-09.54.47:298][  0]LogTemp:Display: Loaded TP Android_ATCTargetPlatform
[2016.06.12-09.54.47:319][  0]LogTemp:Display: Loaded TP Android_DXTTargetPlatform
[2016.06.12-09.54.47:342][  0]LogTemp:Display: Loaded TP Android_ETC1TargetPlatform
[2016.06.12-09.54.47:381][  0]LogTemp:Display: Loaded TP Android_ETC2TargetPlatform
[2016.06.12-09.54.47:392][  0]LogTemp:Display: Loaded TP Android_PVRTCTargetPlatform
[2016.06.12-09.54.47:422][  0]LogTemp:Display: Loaded TP HTML5TargetPlatform
[2016.06.12-09.54.47:538][  0]LogTemp:Display: Loaded TP IOSTargetPlatform
[2016.06.12-09.54.47:571][  0]LogTemp:Display: Loaded TP LinuxNoEditorTargetPlatform
[2016.06.12-09.54.47:582][  0]LogTemp:Display: Loaded TP LinuxServerTargetPlatform
[2016.06.12-09.54.47:608][  0]LogTemp:Display: Loaded TP LinuxTargetPlatform
[2016.06.12-09.54.47:608][  0]LogTargetPlatformManager:Display: Building Assets For Windows
[2016.06.12-09.54.48:694][  0]LogDerivedDataCache:Display: Max Cache Size: 512 MB
[2016.06.12-09.54.49:159][  0]LogDerivedDataCache: Loaded boot cache 0.46s 41MB C:/Users/Administrator/AppData/Local/UnrealEngine/4.9/DerivedDataCache/Boot.ddc.
[2016.06.12-09.54.49:159][  0]LogDerivedDataCache:Display: Loaded Boot cache: C:/Users/Administrator/AppData/Local/UnrealEngine/4.9/DerivedDataCache/Boot.ddc
[2016.06.12-09.54.49:159][  0]LogDerivedDataCache: FDerivedDataBackendGraph:  Pak pak cache file D:/Documents/Unreal Projects/SpeedParkour/DerivedDataCache/DDC.ddp not found, will not use a pak cache.
[2016.06.12-09.54.49:159][  0]LogDerivedDataCache: Unable to find inner node Pak for hierarchical cache Hierarchy.
[2016.06.12-09.54.49:159][  0]LogDerivedDataCache: FDerivedDataBackendGraph:  CompressedPak pak cache file D:/Documents/Unreal Projects/SpeedParkour/DerivedDataCache/Compressed.ddp not found, will not use a pak cache.
[2016.06.12-09.54.49:160][  0]LogDerivedDataCache: Unable to find inner node CompressedPak for hierarchical cache Hierarchy.
[2016.06.12-09.54.49:474][  0]LogDerivedDataCache:Display: Pak cache opened for reading ../../../Engine/DerivedDataCache/Compressed.ddp.
[2016.06.12-09.54.49:511][  0]LogDerivedDataCache: Using Local data cache path C:/Users/Administrator/AppData/Local/UnrealEngine/Common/DerivedDataCache: Writable
[2016.06.12-09.55.01:522][  0]LogInit: Selected Device Profile: [Windows]
[2016.06.12-09.55.01:589][  0]LogContentStreaming: Texture pool size is 0.000000MB
[2016.06.12-09.55.02:881][  0]LogMeshUtilities: No automatic mesh reduction module available
[2016.06.12-09.55.02:881][  0]LogMeshUtilities: No automatic mesh merging module available
[2016.06.12-09.55.10:461][  0]LogInit: WinSock: version 1.1 (2.2), MaxSocks=32767, MaxUdp=65467
[2016.06.12-09.55.50:538][  0]LogAssetRegistry: FAssetRegistry took 0.0143 seconds to start up
[2016.06.12-09.55.50:960][  0]UdpMessaging: Initializing bridge on interface 0.0.0.0:0 to multicast group 230.0.0.1:6666.
[2016.06.12-09.55.57:689][  0]SourceControl: Info Source control is disabled
[2016.06.12-09.55.58:255][  0]SourceControl: Info Source control is disabled
[2016.06.12-09.55.58:409][  0]SourceControl: Info Source control is disabled
[2016.06.12-09.55.58:483][  0]SourceControl: Info Source control is disabled
[2016.06.12-09.56.00:021][  0]LogLinker:Warning: Asset '../../../Engine/Plugins/Runtime/LeapMotionController/Content/LM_PassthroughMaterial.uasset' has been saved with empty engine version. The asset will be loaded but may be incompatible.
[2016.06.12-09.56.00:952][  0]LogObj: 28528 objects as part of root set at end of initial load.
[2016.06.12-09.56.00:952][  0]LogUObjectAllocator: 6068456 out of 0 bytes used by permanent object pool.
[2016.06.12-09.56.01:919][  0]LogEngine: Initializing Engine...
[2016.06.12-09.56.01:962][  0]LogHMD: Can't find Oculus library dev build: is proper Runtime installed? Version: 0.7.0.0
[2016.06.12-09.56.02:026][  0]LogHMD: SteamVR failed to initialize.  Err: 110
[2016.06.12-09.56.03:931][  0]LogAIModule: Creating AISystem for world NewWorld
[2016.06.12-09.56.04:238][  0]LogInit: XAudio2 using '扬声器/耳机 (IDT High Definition Audio CODEC)' : 2 channels at 48 kHz using 16 bits per sample (channel mask 0x3)
[2016.06.12-09.56.04:327][  0]LogInit: FAudioDevice initialized.
[2016.06.12-09.56.04:369][  0]LogDerivedDataCache: Saved boot cache 0.04s 44MB C:/Users/Administrator/AppData/Local/UnrealEngine/4.9/DerivedDataCache/Boot.ddc.
[2016.06.12-09.56.04:371][  0]LogInit: Texture streaming: Enabled
[2016.06.12-09.56.04:422][  0]LogAnalytics: Creating configured Analytics provider AnalyticsET
[2016.06.12-09.56.04:443][  0]LogAnalytics: [UEEditor.Rocket.Release] APIServer = http://et2.epicgames.com/ET2/. AppVersion = 4.9.2-2707645+++depot+UE4-Releases+4.9
[2016.06.12-09.56.04:443][  0]LogAnalytics: [UEEditor.Rocket.Release] SetUserId 8eecf5e34f10441dbbd8b7b6e9cef21d|57796e99f93b416d833f00f663f95934|7919e843-469e-437f-ba37-0772f10cf632
[2016.06.12-09.56.04:443][  0]LogAnalytics: [UEEditor.Rocket.Release] AnalyticsET::StartSession
[2016.06.12-09.56.05:130][  0]LogInit: Transaction tracking system initialized
[2016.06.12-09.56.06:105][  0]BlueprintLog: New page: Editor Load
[2016.06.12-09.56.11:963][  0]LocalizationService: Info Localization service is disabled
[2016.06.12-09.56.15:365][  0]LogConsoleResponse:Display: 
[2016.06.12-09.56.20:324][  0]LogFileCache: Scanning file cache for directory 'D:/Documents/Unreal Projects/SpeedParkour/Content/' took 0.02s
[2016.06.12-09.56.20:324][  0]LogCook:Display: Done creating registry. It took  0.00s.
[2016.06.12-09.56.23:710][  0]SourceControl: Info Source control is disabled
[2016.06.12-09.56.23:830][  0]Cmd: MAP LOAD FILE="D:/Documents/Unreal Projects/SpeedParkour/Content/start.umap" TEMPLATE=0 SHOWPROGRESS=1 FEATURELEVEL=3
[2016.06.12-09.56.23:909][  0]LightingResults: New page: Lighting Build
[2016.06.12-09.56.24:266][  0]MapCheck: New page: Map Check
[2016.06.12-09.56.24:266][  0]LightingResults: New page: Lighting Build
[2016.06.12-09.56.25:340][  0]LogParticles: Destroying 0 GPU particle simulations for FXSystem 0x0000000022DD8B80
[2016.06.12-09.56.28:408][  0]LogAIModule: Creating AISystem for world start
[2016.06.12-09.56.28:421][  0]LogPrimitiveComponent: Zero scaling not supported (/Game/start.start:PersistentLevel.Cube_13.StaticMeshComponent0)
[2016.06.12-09.56.29:547][  0]LogEditorServer: Finished looking for orphan Actors (0.000 secs)
[2016.06.12-09.56.29:776][  0]Cmd: MAP CHECKDEP NOCLEARLOG
[2016.06.12-09.56.29:981][  0]MapCheck: Info Map check complete: 0 Error(s), 0 Warning(s), took 204.419ms to complete.
[2016.06.12-09.56.30:030][  0]LogFileHelpers: Loading map 'start' took 6.242
[2016.06.12-09.56.36:274][  0]LogCollectionManager: Loaded 0 collections in 0.020327 seconds
[2016.06.12-09.56.37:422][  0]LogFileCache: Scanning file cache for directory 'D:/Documents/Unreal Projects/SpeedParkour/Saved/Collections/' took 0.01s
[2016.06.12-09.56.37:422][  0]LogFileCache: Scanning file cache for directory 'D:/Documents/Unreal Projects/SpeedParkour/Content/Developers/Administrator/Collections/' took 0.01s
[2016.06.12-09.56.37:422][  0]LogFileCache: Scanning file cache for directory 'D:/Documents/Unreal Projects/SpeedParkour/Content/Collections/' took 0.01s
[2016.06.12-09.56.37:423][  0]LogContentBrowser: Native class hierarchy populated in 0.1456 seconds. Added 1882 classes and 339 folders.
[2016.06.12-09.56.38:463][  0]LogCollectionManager: Rebuilt the GUID cache for 0 collections in 0.000007 seconds
[2016.06.12-09.56.39:875][  0]LogContentBrowser: Native class hierarchy updated for 'WidgetCarousel' in 0.0008 seconds. Added 0 classes and 0 folders.
[2016.06.12-09.56.46:157][  0]LogContentBrowser: Native class hierarchy updated for 'AddContentDialog' in 0.0008 seconds. Added 0 classes and 0 folders.
[2016.06.12-09.56.46:548][  0]LogContentBrowser: Native class hierarchy updated for 'SceneOutliner' in 0.0009 seconds. Added 1 classes and 2 folders.
[2016.06.12-09.56.53:893][  0]LogCrashTracker: Crashtracker disabled due to settings.
[2016.06.12-09.56.54:395][  0]LogUObjectGlobals:Warning: Failed to find object 'Class None.'
[2016.06.12-09.56.54:591][  0]LogLoad: Full Startup: 163.18 seconds (BP compile: 1.52 seconds)
[2016.06.12-09.56.56:065][  0]LogContentStreaming: Texture pool size now 1000 MB
[2016.06.12-09.56.57:754][  0]LogRenderer: Reallocating scene render targets to support 784x356 (Frame:2).
[2016.06.12-09.57.00:984][  5]LogAssetRegistry: Asset discovery search completed in 70.4551 seconds
[2016.06.12-09.57.00:984][  5]LogCollectionManager: Rebuilt the object cache for 0 collections in 0.000002 seconds (found 0 objects)
[2016.06.12-09.57.00:984][  5]LogCollectionManager: Fixed up redirectors for 0 collections in 0.000060 seconds (updated 0 objects)
[2016.06.12-09.57.38:060][435]LogSynthBenchmark:Display: FSynthBenchmark (V0.95):  requested WorkScale=1.00
[2016.06.12-09.57.38:060][435]LogSynthBenchmark:Display: ===============
[2016.06.12-09.57.38:060][435]LogSynthBenchmark:Display: Main Processor:
[2016.06.12-09.57.38:113][435]LogSynthBenchmark:Display:          ... 0.025357 s/Run 'RayIntersect'
[2016.06.12-09.57.38:113][435]LogSynthBenchmark:Display:          ... 0.027266 s/Run 'Fractal'
[2016.06.12-09.57.38:113][435]LogSynthBenchmark:Display: 
[2016.06.12-09.57.38:113][435]LogSynthBenchmark:Display:   CompiledTarget_x_Bits: 64
[2016.06.12-09.57.38:113][435]LogSynthBenchmark:Display:   UE_BUILD_SHIPPING: 0
[2016.06.12-09.57.38:113][435]LogSynthBenchmark:Display:   UE_BUILD_TEST: 0
[2016.06.12-09.57.38:113][435]LogSynthBenchmark:Display:   UE_BUILD_DEBUG: 0
[2016.06.12-09.57.38:113][435]LogSynthBenchmark:Display:   TotalPhysicalGBRam: 8
[2016.06.12-09.57.38:113][435]LogSynthBenchmark:Display:   NumberOfCores (physical): 2
[2016.06.12-09.57.38:113][435]LogSynthBenchmark:Display:   NumberOfCores (logical): 4
[2016.06.12-09.57.38:113][435]LogSynthBenchmark:Display:   CPU Perf Index 0: 101.0
[2016.06.12-09.57.38:113][435]LogSynthBenchmark:Display:   CPU Perf Index 1: 104.9
[2016.06.12-09.57.38:113][435]LogSynthBenchmark:Display:  
[2016.06.12-09.57.38:113][435]LogSynthBenchmark:Display: Graphics:
[2016.06.12-09.57.38:113][435]LogSynthBenchmark:Display:   Adapter Name: 'Intel(R) HD Graphics 4000'
[2016.06.12-09.57.38:113][435]LogSynthBenchmark:Display:   (On Optimus the name might be wrong, memory should be ok)
[2016.06.12-09.57.38:113][435]LogSynthBenchmark:Display:   Vendor Id: 0x8086
[2016.06.12-09.57.38:113][435]LogSynthBenchmark:Display:   GPU Memory: 1072/0/3790 MB
[2016.06.12-09.57.38:113][435]LogSynthBenchmark:Display:   CPUIndex: 101.0
[2016.06.12-09.57.38:113][435]LogSynthBenchmark:Display:   GPUIndex: -1.$
[2016.06.12-09.57.38:113][435]LogSynthBenchmark:Display: 
[2016.06.12-09.57.38:113][435]LogSynthBenchmark:Display:          ... Total Time: 0.053058 sec
[2016.06.12-09.57.42:443][587]Cmd: QUIT_EDITOR
[2016.06.12-09.57.43:511][587]LogExit: Preparing to exit.
[2016.06.12-09.57.44:522][587]LogExit: Editor shut down
[2016.06.12-09.57.44:523][587]LogExit: Transaction tracking system shut down
[2016.06.12-09.57.44:720][587]LogParticles: Destroying 0 GPU particle simulations for FXSystem 0x0000000023166F20
[2016.06.12-09.57.44:722][587]LogParticles: Destroying 0 GPU particle simulations for FXSystem 0x0000000010BB6660
[2016.06.12-09.57.47:283][587]LogParticles: Destroying 0 GPU particle simulations for FXSystem 0x0000000011604FE0
[2016.06.12-09.57.47:283][587]LogExit: Object subsystem successfully closed.
[2016.06.12-09.57.47:644][587]LogD3D11RHI: Shutdown
[2016.06.12-09.57.47:644][587]LogD3D11RHI: CleanupD3DDevice
[2016.06.12-09.57.47:802][587]LogD3D11RHI: ~FD3D11DynamicRHI
[2016.06.12-09.57.48:191][587]LogModuleManager: Shutting down and abandoning module SynthBenchmark (200)
[2016.06.12-09.57.48:191][587]LogModuleManager: Shutting down and abandoning module CrashTracker (199)
[2016.06.12-09.57.48:191][587]LogModuleManager: Shutting down and abandoning module SceneOutliner (198)
[2016.06.12-09.57.48:208][587]LogModuleManager: Shutting down and abandoning module SuperSearch (197)
[2016.06.12-09.57.48:208][587]LogModuleManager: Shutting down and abandoning module WidgetCarousel (196)
[2016.06.12-09.57.48:208][587]LogModuleManager: Shutting down and abandoning module AddContentDialog (195)
[2016.06.12-09.57.48:216][587]LogModuleManager: Shutting down and abandoning module EditorWidgets (194)
[2016.06.12-09.57.48:216][587]LogModuleManager: Shutting down and abandoning module CollectionManager (193)
[2016.06.12-09.57.48:217][587]LogModuleManager: Shutting down and abandoning module StatsViewer (192)
[2016.06.12-09.57.48:217][587]LogModuleManager: Shutting down and abandoning module FoliageEdit (191)
[2016.06.12-09.57.48:217][587]LogModuleManager: Shutting down and abandoning module LandscapeEditor (190)
[2016.06.12-09.57.48:297][587]LogModuleManager: Shutting down and abandoning module ActorPickerMode (189)
[2016.06.12-09.57.48:297][587]LogModuleManager: Shutting down and abandoning module GeometryMode (188)
[2016.06.12-09.57.48:297][587]LogModuleManager: Shutting down and abandoning module TextureAlignMode (187)
[2016.06.12-09.57.48:297][587]LogModuleManager: Shutting down and abandoning module BspMode (186)
[2016.06.12-09.57.48:297][587]LogModuleManager: Shutting down and abandoning module PlacementMode (185)
[2016.06.12-09.57.48:297][587]LogModuleManager: Shutting down and abandoning module AutomationWorker (184)
[2016.06.12-09.57.48:297][587]LogModuleManager: Shutting down and abandoning module CharacterAI (183)
[2016.06.12-09.57.48:297][587]LogModuleManager: Shutting down and abandoning module SmartSnapping (182)
[2016.06.12-09.57.48:297][587]LogModuleManager: Shutting down and abandoning module ViewportSnapping (181)
[2016.06.12-09.57.48:297][587]LogModuleManager: Shutting down and abandoning module LogVisualizer (180)
[2016.06.12-09.57.48:298][587]LogModuleManager: Shutting down and abandoning module GameProjectGeneration (179)
[2016.06.12-09.57.48:314][587]LogModuleManager: Shutting down and abandoning module IntroTutorials (178)
[2016.06.12-09.57.48:314][587]LogModuleManager: Shutting down and abandoning module EditorLiveStreaming (177)
[2016.06.12-09.57.48:314][587]LogModuleManager: Shutting down and abandoning module IOSPlatformEditor (176)
[2016.06.12-09.57.48:314][587]LogModuleManager: Shutting down and abandoning module HTML5PlatformEditor (175)
[2016.06.12-09.57.48:314][587]LogModuleManager: Shutting down and abandoning module AndroidDeviceDetection (174)
[2016.06.12-09.57.49:158][587]LogModuleManager: Shutting down and abandoning module AndroidPlatformEditor (173)
[2016.06.12-09.57.49:158][587]LogModuleManager: Shutting down and abandoning module IOSRuntimeSettings (172)
[2016.06.12-09.57.49:158][587]LogModuleManager: Shutting down and abandoning module AndroidRuntimeSettings (171)
[2016.06.12-09.57.49:158][587]LogModuleManager: Shutting down and abandoning module MergeActors (170)
[2016.06.12-09.57.49:416][587]LogModuleManager: Shutting down and abandoning module SizeMap (169)
[2016.06.12-09.57.49:416][587]LogModuleManager: Shutting down and abandoning module TreeMap (168)
[2016.06.12-09.57.49:416][587]LogModuleManager: Shutting down and abandoning module ReferenceViewer (167)
[2016.06.12-09.57.49:416][587]LogModuleManager: Shutting down and abandoning module LocalizationService (166)
[2016.06.12-09.57.49:416][587]LogModuleManager: Shutting down and abandoning module LocalizationDashboard (165)
[2016.06.12-09.57.49:431][587]LogModuleManager: Shutting down and abandoning module HardwareTargeting (164)
[2016.06.12-09.57.49:431][587]LogModuleManager: Shutting down and abandoning module DeviceProfileEditor (163)
[2016.06.12-09.57.49:431][587]LogModuleManager: Shutting down and abandoning module UndoHistory (162)
[2016.06.12-09.57.49:431][587]LogModuleManager: Shutting down and abandoning module GameplayTagsEditor (161)
[2016.06.12-09.57.49:431][587]LogModuleManager: Shutting down and abandoning module UserFeedback (160)
[2016.06.12-09.57.49:431][587]LogModuleManager: Shutting down and abandoning module XmlParser (159)
[2016.06.12-09.57.49:431][587]LogModuleManager: Shutting down and abandoning module Blutility (158)
[2016.06.12-09.57.49:431][587]LogModuleManager: Shutting down and abandoning module ProjectTargetPlatformEditor (157)
[2016.06.12-09.57.49:431][587]LogModuleManager: Shutting down and abandoning module ProjectSettingsViewer (156)
[2016.06.12-09.57.49:431][587]LogModuleManager: Shutting down and abandoning module InputBindingEditor (155)
[2016.06.12-09.57.49:443][587]LogModuleManager: Shutting down and abandoning module EditorSettingsViewer (154)
[2016.06.12-09.57.49:443][587]LogModuleManager: Shutting down and abandoning module SettingsEditor (153)
[2016.06.12-09.57.49:443][587]LogModuleManager: Shutting down and abandoning module ProjectLauncher (152)
[2016.06.12-09.57.49:443][587]LogModuleManager: Shutting down and abandoning module SessionFrontend (151)
[2016.06.12-09.57.49:443][587]LogModuleManager: Shutting down and abandoning module ProfilerClient (150)
[2016.06.12-09.57.49:460][587]LogModuleManager: Shutting down and abandoning module TargetDeviceServices (149)
[2016.06.12-09.57.49:460][587]LogModuleManager: Shutting down and abandoning module DeviceManager (148)
[2016.06.12-09.57.49:460][587]LogModuleManager: Shutting down and abandoning module AutomationController (147)
[2016.06.12-09.57.49:460][587]LogModuleManager: Shutting down and abandoning module AutomationWindow (146)
[2016.06.12-09.57.49:510][587]LogModuleManager: Shutting down and abandoning module Layers (145)
[2016.06.12-09.57.49:530][587]LogModuleManager: Shutting down and abandoning module ComponentVisualizers (144)
[2016.06.12-09.57.49:530][587]LogModuleManager: Shutting down and abandoning module DetailCustomizations (143)
[2016.06.12-09.57.49:530][587]LogModuleManager: Shutting down and abandoning module PackagesDialog (142)
[2016.06.12-09.57.49:530][587]LogModuleManager: Shutting down and abandoning module Persona (141)
[2016.06.12-09.57.49:549][587]LogModuleManager: Shutting down and abandoning module Kismet (140)
[2016.06.12-09.57.49:555][587]LogModuleManager: Shutting down and abandoning module GraphEditor (139)
[2016.06.12-09.57.49:588][587]LogModuleManager: Shutting down and abandoning module ClassViewer (138)
[2016.06.12-09.57.49:588][587]LogModuleManager: Shutting down and abandoning module Toolbox (137)
[2016.06.12-09.57.49:588][587]LogModuleManager: Shutting down and abandoning module ModuleUI (136)
[2016.06.12-09.57.49:606][587]LogModuleManager: Shutting down and abandoning module MovieSceneTools (135)
[2016.06.12-09.57.49:615][587]LogModuleManager: Shutting down and abandoning module OutputLog (134)
[2016.06.12-09.57.49:615][587]LogModuleManager: Shutting down and abandoning module GammaUI (133)
[2016.06.12-09.57.49:625][587]LogModuleManager: Shutting down and abandoning module Documentation (132)
[2016.06.12-09.57.49:625][587]LogModuleManager: Shutting down and abandoning module GameLiveStreaming (131)
[2016.06.12-09.57.49:625][587]LogModuleManager: Shutting down and abandoning module StreamingPauseRendering (130)
[2016.06.12-09.57.49:625][587]LogModuleManager: Shutting down and abandoning module AnalyticsET (129)
[2016.06.12-09.57.49:625][587]LogModuleManager: Shutting down and abandoning module Analytics (128)
[2016.06.12-09.57.49:625][587]LogModuleManager: Shutting down and abandoning module AITestSuite (127)
[2016.06.12-09.57.49:625][587]LogModuleManager: Shutting down and abandoning module GameplayDebugger (126)
[2016.06.12-09.57.49:625][587]LogModuleManager: Shutting down and abandoning module AIModule (125)
[2016.06.12-09.57.49:625][587]LogModuleManager: Shutting down and abandoning module ProfilerService (124)
[2016.06.12-09.57.49:701][587]LogModuleManager: Shutting down and abandoning module TaskGraph (123)
[2016.06.12-09.57.49:701][587]LogModuleManager: Shutting down and abandoning module SubstanceEditor (122)
[2016.06.12-09.57.49:721][587]LogModuleManager: Shutting down and abandoning module SlateRemote (121)
[2016.06.12-09.57.49:722][587]LogModuleManager: Shutting down and abandoning module SteamVRController (120)
[2016.06.12-09.57.49:722][587]LogModuleManager: Shutting down and abandoning module SteamVR (119)
[2016.06.12-09.57.49:722][587]LogModuleManager: Shutting down and abandoning module ProceduralMeshComponent (118)
[2016.06.12-09.57.49:722][587]LogModuleManager: Shutting down and abandoning module OculusRift (117)
[2016.06.12-09.57.49:722][587]LogModuleManager: Shutting down and abandoning module OculusLibrary (116)
[2016.06.12-09.57.49:722][587]LogModuleManager: Shutting down and abandoning module LeapMotionController (115)
[2016.06.12-09.57.49:739][587]LogModuleManager: Shutting down and abandoning module CustomMeshComponent (114)
[2016.06.12-09.57.49:800][587]LogModuleManager: Shutting down and abandoning module CableComponent (113)
[2016.06.12-09.57.49:800][587]LogModuleManager: Shutting down and abandoning module ArchVisCharacter (112)
[2016.06.12-09.57.49:800][587]LogModuleManager: Shutting down and abandoning module MessagingDebugger (111)
[2016.06.12-09.57.49:811][587]LogModuleManager: Shutting down and abandoning module MediaPlayerEditor (110)
[2016.06.12-09.57.49:829][587]LogModuleManager: Shutting down and abandoning module HTML5Networking (109)
[2016.06.12-09.57.49:829][587]LogModuleManager: Shutting down and abandoning module SpeedTreeImporter (108)
[2016.06.12-09.57.49:829][587]LogModuleManager: Shutting down and abandoning module PluginBrowser (107)
[2016.06.12-09.57.49:829][587]LogModuleManager: Shutting down and abandoning module EpicSurvey (106)
[2016.06.12-09.57.49:829][587]LogModuleManager: Shutting down and abandoning module DesktopPlatform (105)
[2016.06.12-09.57.49:829][587]LogModuleManager: Shutting down and abandoning module VisualStudioSourceCodeAccess (104)
[2016.06.12-09.57.49:829][587]LogModuleManager: Shutting down and abandoning module UObjectPlugin (103)
[2016.06.12-09.57.49:829][587]LogModuleManager: Shutting down and abandoning module SubversionSourceControl (102)
[2016.06.12-09.57.49:830][587]LogModuleManager: Shutting down and abandoning module PerforceSourceControl (101)
[2016.06.12-09.57.49:830][587]LogModuleManager: Shutting down and abandoning module SourceControl (100)
[2016.06.12-09.57.49:830][587]LogModuleManager: Shutting down and abandoning module GitSourceControl (99)
[2016.06.12-09.57.49:830][587]LogModuleManager: Shutting down and abandoning module LightPropagationVolumeEditor (98)
[2016.06.12-09.57.49:830][587]LogModuleManager: Shutting down and abandoning module PaperTiledImporter (97)
[2016.06.12-09.57.49:830][587]LogModuleManager: Shutting down and abandoning module PaperSpriteSheetImporter (96)
[2016.06.12-09.57.49:830][587]LogModuleManager: Shutting down and abandoning module MeshPaint (95)
[2016.06.12-09.57.49:830][587]LogModuleManager: Shutting down and abandoning module SlateReflector (94)
[2016.06.12-09.57.49:840][587]LogModuleManager: Shutting down and abandoning module HotReload (93)
[2016.06.12-09.57.49:841][587]LogModuleManager: Shutting down and abandoning module MainFrame (92)
[2016.06.12-09.57.49:841][587]LogModuleManager: Shutting down and abandoning module LevelEditor (91)
[2016.06.12-09.57.49:897][587]LogModuleManager: Shutting down and abandoning module ContentBrowser (90)
[2016.06.12-09.57.49:898][587]LogModuleManager: Shutting down and abandoning module Paper2DEditor (89)
[2016.06.12-09.57.49:943][587]LogModuleManager: Shutting down and abandoning module UdpMessaging (88)
[2016.06.12-09.57.50:043][587]LogModuleManager: Shutting down and abandoning module DirectoryWatcher (87)
[2016.06.12-09.57.50:044][587]LogModuleManager: Shutting down and abandoning module AssetRegistry (86)
[2016.06.12-09.57.50:122][587]LogModuleManager: Shutting down and abandoning module SubstanceCore (85)
[2016.06.12-09.57.50:122][587]LogModuleManager: Shutting down and abandoning module LightPropagationVolumeRuntime (84)
[2016.06.12-09.57.50:122][587]LogModuleManager: Shutting down and abandoning module Paper2D (83)
[2016.06.12-09.57.50:122][587]LogModuleManager: Shutting down and abandoning module WindowsMoviePlayer (82)
[2016.06.12-09.57.50:146][587]LogModuleManager: Shutting down and abandoning module Media (81)
[2016.06.12-09.57.50:146][587]LogModuleManager: Shutting down and abandoning module WmfMedia (80)
[2016.06.12-09.57.50:146][587]LogModuleManager: Shutting down and abandoning module OnlineBlueprintSupport (79)
[2016.06.12-09.57.50:146][587]LogModuleManager: Shutting down and abandoning module GameplayTasksEditor (78)
[2016.06.12-09.57.50:146][587]LogModuleManager: Shutting down and abandoning module PropertyEditor (77)
[2016.06.12-09.57.50:146][587]LogModuleManager: Shutting down and abandoning module BehaviorTreeEditor (76)
[2016.06.12-09.57.50:180][587]LogModuleManager: Shutting down and abandoning module FunctionalTesting (75)
[2016.06.12-09.57.50:180][587]LogModuleManager: Shutting down and abandoning module CollisionAnalyzer (74)
[2016.06.12-09.57.50:180][587]LogModuleManager: Shutting down and abandoning module WorkspaceMenuStructure (73)
[2016.06.12-09.57.50:180][587]LogModuleManager: Shutting down and abandoning module MessageLog (72)
[2016.06.12-09.57.50:180][587]LogModuleManager: Shutting down and abandoning module Sequencer (71)
[2016.06.12-09.57.50:222][587]LogModuleManager: Shutting down and abandoning module AssetTools (70)
[2016.06.12-09.57.50:304][587]LogModuleManager: Shutting down and abandoning module UMGEditor (69)
[2016.06.12-09.57.50:316][587]LogModuleManager: Shutting down and abandoning module UMG (68)
[2016.06.12-09.57.50:316][587]LogModuleManager: Shutting down and abandoning module Slate (67)
[2016.06.12-09.57.50:316][587]LogModuleManager: Shutting down and abandoning module EditorStyle (66)
[2016.06.12-09.57.50:321][587]LogModuleManager: Shutting down and abandoning module SessionServices (65)
[2016.06.12-09.57.50:321][587]LogModuleManager: Shutting down and abandoning module SourceCodeAccess (64)
[2016.06.12-09.57.50:321][587]LogModuleManager: Shutting down and abandoning module HeadMountedDisplay (63)
[2016.06.12-09.57.50:321][587]LogModuleManager: Shutting down and abandoning module XAudio2 (62)
[2016.06.12-09.57.50:321][587]LogModuleManager: Shutting down and abandoning module Networking (60)
[2016.06.12-09.57.50:321][587]LogModuleManager: Shutting down and abandoning module Core (59)
[2016.06.12-09.57.50:321][587]LogModuleManager: Shutting down and abandoning module KismetCompiler (58)
[2016.06.12-09.57.50:321][587]LogModuleManager: Shutting down and abandoning module PhysXFormats (57)
[2016.06.12-09.57.50:321][587]LogModuleManager: Shutting down and abandoning module MeshUtilities (56)
[2016.06.12-09.57.50:353][587]LogModuleManager: Shutting down and abandoning module CookingStats (55)
[2016.06.12-09.57.50:353][587]LogModuleManager: Shutting down and abandoning module DerivedDataCache (54)
[2016.06.12-09.57.50:389][587]LogDerivedDataCache: Shutdown
[2016.06.12-09.57.50:389][587]LogModuleManager: Shutting down and abandoning module ShaderFormatOpenGL (53)
[2016.06.12-09.57.50:422][587]LogModuleManager: Shutting down and abandoning module ShaderFormatD3D (52)
[2016.06.12-09.57.50:422][587]LogModuleManager: Shutting down and abandoning module MetalShaderFormat (51)
[2016.06.12-09.57.50:432][587]LogModuleManager: Shutting down and abandoning module TextureFormatUncompressed (50)
[2016.06.12-09.57.50:432][587]LogModuleManager: Shutting down and abandoning module TextureFormatPVR (49)
[2016.06.12-09.57.50:432][587]LogModuleManager: Shutting down and abandoning module TextureFormatIntelISPCTexComp (48)
[2016.06.12-09.57.50:432][587]LogModuleManager: Shutting down and abandoning module TextureFormatDXT (47)
[2016.06.12-09.57.50:432][587]LogModuleManager: Shutting down and abandoning module ImageWrapper (46)
[2016.06.12-09.57.50:432][587]LogModuleManager: Shutting down and abandoning module TextureFormatASTC (45)
[2016.06.12-09.57.50:432][587]LogModuleManager: Shutting down and abandoning module TextureFormatAndroid (44)
[2016.06.12-09.57.50:432][587]LogModuleManager: Shutting down and abandoning module AudioFormatOpus (43)
[2016.06.12-09.57.50:432][587]LogModuleManager: Shutting down and abandoning module AudioFormatOgg (42)
[2016.06.12-09.57.50:432][587]LogModuleManager: Shutting down and abandoning module AudioFormatADPCM (41)
[2016.06.12-09.57.50:432][587]LogModuleManager: Shutting down and abandoning module LinuxTargetPlatform (40)
[2016.06.12-09.57.50:432][587]LogModuleManager: Shutting down and abandoning module LinuxServerTargetPlatform (39)
[2016.06.12-09.57.50:432][587]LogModuleManager: Shutting down and abandoning module LinuxNoEditorTargetPlatform (38)
[2016.06.12-09.57.50:432][587]LogModuleManager: Shutting down and abandoning module Messaging (37)
[2016.06.12-09.57.50:432][587]LogModuleManager: Shutting down and abandoning module IOSTargetPlatform (36)
[2016.06.12-09.57.50:433][587]LogModuleManager: Shutting down and abandoning module HTML5TargetPlatform (35)
[2016.06.12-09.57.50:433][587]LogModuleManager: Shutting down and abandoning module Android_PVRTCTargetPlatform (34)
[2016.06.12-09.57.50:433][587]LogModuleManager: Shutting down and abandoning module Android_ETC2TargetPlatform (33)
[2016.06.12-09.57.50:433][587]LogModuleManager: Shutting down and abandoning module Android_ETC1TargetPlatform (32)
[2016.06.12-09.57.50:433][587]LogModuleManager: Shutting down and abandoning module Android_DXTTargetPlatform (31)
[2016.06.12-09.57.50:433][587]LogModuleManager: Shutting down and abandoning module Android_ATCTargetPlatform (30)
[2016.06.12-09.57.50:433][587]LogModuleManager: Shutting down and abandoning module Android_ASTCTargetPlatform (29)
[2016.06.12-09.57.50:433][587]LogModuleManager: Shutting down and abandoning module AndroidTargetPlatform (28)
[2016.06.12-09.57.50:433][587]LogModuleManager: Shutting down and abandoning module WindowsTargetPlatform (27)
[2016.06.12-09.57.50:433][587]LogModuleManager: Shutting down and abandoning module WindowsServerTargetPlatform (26)
[2016.06.12-09.57.50:433][587]LogModuleManager: Shutting down and abandoning module WindowsNoEditorTargetPlatform (25)
[2016.06.12-09.57.50:433][587]LogModuleManager: Shutting down and abandoning module WindowsClientTargetPlatform (24)
[2016.06.12-09.57.50:433][587]LogModuleManager: Shutting down and abandoning module AllDesktopTargetPlatform (23)
[2016.06.12-09.57.50:433][587]LogModuleManager: Shutting down and abandoning module TargetPlatform (22)
[2016.06.12-09.57.50:433][587]LogModuleManager: Shutting down and abandoning module InputCore (21)
[2016.06.12-09.57.50:433][587]LogModuleManager: Shutting down and abandoning module Settings (20)
[2016.06.12-09.57.50:433][587]LogModuleManager: Shutting down and abandoning module OnlineSubsystem (18)
[2016.06.12-09.57.50:433][587]LogModuleManager: Shutting down and abandoning module HTTP (17)
[2016.06.12-09.57.53:934][587]LogModuleManager: Shutting down and abandoning module XMPP (16)
[2016.06.12-09.57.53:961][587]LogModuleManager: Shutting down and abandoning module ExampleDeviceProfileSelector (15)
[2016.06.12-09.57.53:962][587]LogModuleManager: Shutting down and abandoning module TextureCompressor (14)
[2016.06.12-09.57.53:973][587]LogModuleManager: Shutting down and abandoning module ShaderCore (13)
[2016.06.12-09.57.53:973][587]LogModuleManager: Shutting down and abandoning module Landscape (12)
[2016.06.12-09.57.53:973][587]LogModuleManager: Shutting down and abandoning module SlateRHIRenderer (11)
[2016.06.12-09.57.53:975][587]LogModuleManager: Shutting down and abandoning module OpenGLDrv (10)
[2016.06.12-09.57.53:987][587]LogModuleManager: Shutting down and abandoning module D3D11RHI (9)
[2016.06.12-09.57.53:988][587]LogModuleManager: Shutting down and abandoning module AnimGraphRuntime (8)
[2016.06.12-09.57.53:997][587]LogModuleManager: Shutting down and abandoning module Renderer (7)
[2016.06.12-09.57.53:997][587]LogModuleManager: Shutting down and abandoning module Engine (6)
[2016.06.12-09.57.53:997][587]LogModuleManager: Shutting down and abandoning module CoreUObject (5)
[2016.06.12-09.57.53:997][587]LogModuleManager: Shutting down and abandoning module NetworkFile (4)
[2016.06.12-09.57.54:005][587]LogModuleManager: Shutting down and abandoning module StreamingFile (3)
[2016.06.12-09.57.54:005][587]LogModuleManager: Shutting down and abandoning module SandboxFile (2)
[2016.06.12-09.57.54:005][587]LogModuleManager: Shutting down and abandoning module PakFile (1)
[2016.06.12-09.57.54:006][587]LogExit: Exiting.
[2016.06.12-09.57.54:040][587]Log file closed, 06/12/16 17:57:54
