[2016.05.22-09.38.02:367][  0]Log file open, 05/22/16 17:38:02
[2016.05.22-09.38.02:367][  0]LogInit:Display: Running engine for game: SpeedParkour
[2016.05.22-09.38.02:367][  0]LogInit:Display: RandInit(-1133855015) SRandInit(-1133855014).
[2016.05.22-09.38.02:367][  0]LogTaskGraph: Started task graph with 4 named threads and 5 total threads.
[2016.05.22-09.38.02:367][  0]LogStats: Stats thread started at 0.064554
[2016.05.22-09.38.02:367][  0]LogInit: Version: 4.9.1-2689999+++depot+UE4-Releases+4.9
[2016.05.22-09.38.02:367][  0]LogInit: API Version: 2672455
[2016.05.22-09.38.02:367][  0]LogInit: Compiled (64-bit): Sep 14 2015 04:12:03
[2016.05.22-09.38.02:367][  0]LogInit: Compiled with Visual C++: 18.00.21005.01
[2016.05.22-09.38.02:367][  0]LogInit: Build Configuration: Development
[2016.05.22-09.38.02:367][  0]LogInit: Branch Name: ++depot+UE4-Releases+4.9
[2016.05.22-09.38.02:367][  0]LogInit: Command line:  
[2016.05.22-09.38.02:367][  0]LogInit: Base directory: E:/UnrealEngine4/Epic Games/4.9/Engine/Binaries/Win64/
[2016.05.22-09.38.02:367][  0]LogInit: Rocket: 1
[2016.05.22-09.38.02:383][  0]LogInit: Using libcurl 7.41.0
[2016.05.22-09.38.02:383][  0]LogInit:  - built for x86_64-pc-win32
[2016.05.22-09.38.02:383][  0]LogInit:  - supports SSL with WinSSL
[2016.05.22-09.38.02:383][  0]LogInit:  - other features:
[2016.05.22-09.38.02:383][  0]LogInit:      CURL_VERSION_SSL
[2016.05.22-09.38.02:383][  0]LogInit:      CURL_VERSION_IPV6
[2016.05.22-09.38.02:383][  0]LogInit:      CURL_VERSION_ASYNCHDNS
[2016.05.22-09.38.02:383][  0]LogInit:      CURL_VERSION_LARGEFILE
[2016.05.22-09.38.02:383][  0]LogInit:      CURL_VERSION_IDN
[2016.05.22-09.38.02:383][  0]LogInit:  CurlRequestOptions (configurable via config and command line):
[2016.05.22-09.38.02:383][  0]LogInit:  - bVerifyPeer = true  - Libcurl will verify peer certificate
[2016.05.22-09.38.02:383][  0]LogInit:  - bUseHttpProxy = false  - Libcurl will NOT use HTTP proxy
[2016.05.22-09.38.02:383][  0]LogInit:  - bDontReuseConnections = false  - Libcurl will reuse connections
[2016.05.22-09.38.02:383][  0]LogInit:  - CertBundlePath = nullptr  - Libcurl will use whatever was configured at build time.
[2016.05.22-09.38.02:393][  0]LogInit: Presizing for 0 objects not considered by GC, pre-allocating 0 bytes.
[2016.05.22-09.38.02:406][  0]LogInit: Object subsystem initialized
[2016.05.22-09.38.02:409][  0]LogInit: Selected Device Profile: [Windows]
[2016.05.22-09.38.02:409][  0]LogInit: Applying CVar settings loaded from the selected device profile: [Windows]
[2016.05.22-09.38.02:432][  0]LogInit: Computer: PC201501221951
[2016.05.22-09.38.02:432][  0]LogInit: User: Administrator
[2016.05.22-09.38.02:432][  0]LogInit: CPU Page size=4096, Cores=2
[2016.05.22-09.38.02:432][  0]LogInit: High frequency timer resolution =2.435947 MHz
[2016.05.22-09.38.02:432][  0]LogMemory: Memory total: Physical=7.9GB (8GB approx)
[2016.05.22-09.38.02:432][  0]LogMemory: Platform Memory Stats for Windows
[2016.05.22-09.38.02:432][  0]LogMemory: Process Physical Memory: 53.67 MB used, 53.67 MB peak
[2016.05.22-09.38.02:432][  0]LogMemory: Process Virtual Memory: 56.07 MB used, 56.07 MB peak
[2016.05.22-09.38.02:432][  0]LogMemory: Physical Memory: 3005.07 MB used, 8090.36 MB total
[2016.05.22-09.38.02:432][  0]LogMemory: Virtual Memory: 335.59 MB used, 8388608.00 MB total
[2016.05.22-09.38.03:685][  0]LogD3D11RHI: Found D3D11 adapter 0: Intel(R) HD Graphics 4000 (Feature Level 11_0)
[2016.05.22-09.38.03:685][  0]LogD3D11RHI: Adapter has 1071MB of dedicated video memory, 0MB of dedicated system memory, and 3789MB of shared system memory, 1 output[s]
[2016.05.22-09.38.03:685][  0]LogD3D11RHI: Chosen D3D11 Adapter Id = 0
[2016.05.22-09.38.03:691][  0]LogD3D11RHI: !Direct3DDevice
[2016.05.22-09.38.03:691][  0]LogRHI: Texture pool is 1361 MB (70% of 1945 MB)
[2016.05.22-09.38.03:701][  0]LogD3D11RHI: Async texture creation enabled
[2016.05.22-09.38.03:722][  0]LogShaderCompilers: Guid format shader working directory is 15 characters bigger than the processId version (D:/Documents/Unreal Projects/SpeedParkour/Intermediate/Shaders/WorkingDirectory/6660/).
[2016.05.22-09.38.03:723][  0]LogShaderCompilers: Cleaned the shader compiler working directory 'D:/Documents/Unreal Projects/SpeedParkour/Intermediate/Shaders/tmp/A76F56024490E410F656A0B3F9CAB2D7/'.
[2016.05.22-09.38.03:723][  0]LogShaderCompilers:Display: Using Local Shader Compiler.
[2016.05.22-09.38.05:654][  0]LogTemp:Display: Loaded TP AllDesktopTargetPlatform
[2016.05.22-09.38.05:662][  0]LogTemp:Display: Loaded TP WindowsClientTargetPlatform
[2016.05.22-09.38.05:674][  0]LogTemp:Display: Loaded TP WindowsNoEditorTargetPlatform
[2016.05.22-09.38.05:681][  0]LogTemp:Display: Loaded TP WindowsServerTargetPlatform
[2016.05.22-09.38.05:688][  0]LogTemp:Display: Loaded TP WindowsTargetPlatform
[2016.05.22-09.38.05:692][  0]LogTemp:Display: Loaded TP AndroidTargetPlatform
[2016.05.22-09.38.05:697][  0]LogTemp:Display: Loaded TP Android_ASTCTargetPlatform
[2016.05.22-09.38.05:702][  0]LogTemp:Display: Loaded TP Android_ATCTargetPlatform
[2016.05.22-09.38.05:708][  0]LogTemp:Display: Loaded TP Android_DXTTargetPlatform
[2016.05.22-09.38.05:715][  0]LogTemp:Display: Loaded TP Android_ETC1TargetPlatform
[2016.05.22-09.38.05:721][  0]LogTemp:Display: Loaded TP Android_ETC2TargetPlatform
[2016.05.22-09.38.05:726][  0]LogTemp:Display: Loaded TP Android_PVRTCTargetPlatform
[2016.05.22-09.38.05:727][  0]LogTemp:Display: Loaded TP HTML5TargetPlatform
[2016.05.22-09.38.05:746][  0]LogTemp:Display: Loaded TP IOSTargetPlatform
[2016.05.22-09.38.05:751][  0]LogTemp:Display: Loaded TP LinuxNoEditorTargetPlatform
[2016.05.22-09.38.05:756][  0]LogTemp:Display: Loaded TP LinuxServerTargetPlatform
[2016.05.22-09.38.05:762][  0]LogTemp:Display: Loaded TP LinuxTargetPlatform
[2016.05.22-09.38.05:762][  0]LogTargetPlatformManager:Display: Building Assets For Windows
[2016.05.22-09.38.05:862][  0]LogDerivedDataCache:Display: Max Cache Size: 512 MB
[2016.05.22-09.38.05:951][  0]LogDerivedDataCache: Loaded boot cache 0.09s 41MB C:/Users/Administrator/AppData/Local/UnrealEngine/4.9/DerivedDataCache/Boot.ddc.
[2016.05.22-09.38.05:951][  0]LogDerivedDataCache:Display: Loaded Boot cache: C:/Users/Administrator/AppData/Local/UnrealEngine/4.9/DerivedDataCache/Boot.ddc
[2016.05.22-09.38.05:951][  0]LogDerivedDataCache: FDerivedDataBackendGraph:  Pak pak cache file D:/Documents/Unreal Projects/SpeedParkour/DerivedDataCache/DDC.ddp not found, will not use a pak cache.
[2016.05.22-09.38.05:951][  0]LogDerivedDataCache: Unable to find inner node Pak for hierarchical cache Hierarchy.
[2016.05.22-09.38.05:951][  0]LogDerivedDataCache: FDerivedDataBackendGraph:  CompressedPak pak cache file D:/Documents/Unreal Projects/SpeedParkour/DerivedDataCache/Compressed.ddp not found, will not use a pak cache.
[2016.05.22-09.38.05:951][  0]LogDerivedDataCache: Unable to find inner node CompressedPak for hierarchical cache Hierarchy.
[2016.05.22-09.38.06:143][  0]LogDerivedDataCache:Display: Pak cache opened for reading ../../../Engine/DerivedDataCache/Compressed.ddp.
[2016.05.22-09.38.06:156][  0]LogDerivedDataCache: Using Local data cache path C:/Users/Administrator/AppData/Local/UnrealEngine/Common/DerivedDataCache: Writable
[2016.05.22-09.38.06:530][  0]LogInit: Selected Device Profile: [Windows]
[2016.05.22-09.38.06:531][  0]LogContentStreaming: Texture pool size is 0.000000MB
[2016.05.22-09.38.06:573][  0]LogMeshUtilities: No automatic mesh reduction module available
[2016.05.22-09.38.06:573][  0]LogMeshUtilities: No automatic mesh merging module available
[2016.05.22-09.38.07:127][  0]LogInit: WinSock: version 1.1 (2.2), MaxSocks=32767, MaxUdp=65467
[2016.05.22-09.38.07:985][  0]LogAssetRegistry: FAssetRegistry took 0.0102 seconds to start up
[2016.05.22-09.38.08:003][  0]UdpMessaging: Initializing bridge on interface 0.0.0.0:0 to multicast group 230.0.0.1:6666.
[2016.05.22-09.38.08:336][  0]SourceControl: Info Source control is disabled
[2016.05.22-09.38.08:379][  0]SourceControl: Info Source control is disabled
[2016.05.22-09.38.08:391][  0]SourceControl: Info Source control is disabled
[2016.05.22-09.38.08:403][  0]SourceControl: Info Source control is disabled
[2016.05.22-09.38.08:563][  0]LogLinker:Warning: Asset '../../../Engine/Plugins/Runtime/LeapMotionController/Content/LM_PassthroughMaterial.uasset' has been saved with empty engine version. The asset will be loaded but may be incompatible.
[2016.05.22-09.38.08:670][  0]LogObj: 28528 objects as part of root set at end of initial load.
[2016.05.22-09.38.08:670][  0]LogUObjectAllocator: 6068456 out of 0 bytes used by permanent object pool.
[2016.05.22-09.38.08:737][  0]LogEngine: Initializing Engine...
[2016.05.22-09.38.08:738][  0]LogHMD: Can't find Oculus library dev build: is proper Runtime installed? Version: 0.7.0.0
[2016.05.22-09.38.08:740][  0]LogHMD: SteamVR failed to initialize.  Err: 110
[2016.05.22-09.38.08:948][  0]LogAIModule: Creating AISystem for world NewWorld
[2016.05.22-09.38.08:962][  0]LogInit: XAudio2 using '扬声器/耳机 (IDT High Definition Audio CODEC)' : 2 channels at 48 kHz using 16 bits per sample (channel mask 0x3)
[2016.05.22-09.38.09:050][  0]LogInit: FAudioDevice initialized.
[2016.05.22-09.38.09:082][  0]LogDerivedDataCache: Saved boot cache 0.03s 41MB C:/Users/Administrator/AppData/Local/UnrealEngine/4.9/DerivedDataCache/Boot.ddc.
[2016.05.22-09.38.09:086][  0]LogInit: Texture streaming: Enabled
[2016.05.22-09.38.09:096][  0]LogAnalytics: Creating configured Analytics provider AnalyticsET
[2016.05.22-09.38.09:097][  0]LogAnalytics: [UEEditor.Rocket.Release] APIServer = http://et2.epicgames.com/ET2/. AppVersion = 4.9.1-2689999+++depot+UE4-Releases+4.9
[2016.05.22-09.38.09:097][  0]LogAnalytics: [UEEditor.Rocket.Release] SetUserId 8eecf5e34f10441dbbd8b7b6e9cef21d|57796e99f93b416d833f00f663f95934|7919e843-469e-437f-ba37-0772f10cf632
[2016.05.22-09.38.09:097][  0]LogAnalytics: [UEEditor.Rocket.Release] AnalyticsET::StartSession
[2016.05.22-09.38.09:156][  0]LogInit: Transaction tracking system initialized
[2016.05.22-09.38.09:212][  0]BlueprintLog: New page: Editor Load
[2016.05.22-09.38.09:325][  0]LocalizationService: Info Localization service is disabled
[2016.05.22-09.38.09:424][  0]LogConsoleResponse:Display: 
[2016.05.22-09.38.09:646][  0]LogCook:Display: Done creating registry. It took  0.00s.
[2016.05.22-09.38.09:716][  0]LogFileCache: Scanning file cache for directory 'D:/Documents/Unreal Projects/SpeedParkour/Content/' took 0.02s
[2016.05.22-09.38.09:716][  0]SourceControl: Info Source control is disabled
[2016.05.22-09.38.09:717][  0]Cmd: MAP LOAD FILE="D:/Documents/Unreal Projects/SpeedParkour/Content/start.umap" TEMPLATE=0 SHOWPROGRESS=1 FEATURELEVEL=3
[2016.05.22-09.38.10:217][  0]LightingResults: New page: Lighting Build
[2016.05.22-09.38.10:227][  0]MapCheck: New page: Map Check
[2016.05.22-09.38.10:227][  0]LightingResults: New page: Lighting Build
[2016.05.22-09.38.10:270][  0]LogParticles: Destroying 0 GPU particle simulations for FXSystem 0x00000000238D7CE0
[2016.05.22-09.38.10:933][  0]LogAIModule: Creating AISystem for world start
[2016.05.22-09.38.10:950][  0]LogPrimitiveComponent: Zero scaling not supported (/Game/start.start:PersistentLevel.Cube_13.StaticMeshComponent0)
[2016.05.22-09.38.10:950][  0]LogEditorServer: Finished looking for orphan Actors (0.000 secs)
[2016.05.22-09.38.10:951][  0]Cmd: MAP CHECKDEP NOCLEARLOG
[2016.05.22-09.38.10:997][  0]MapCheck: Info Map check complete: 0 Error(s), 0 Warning(s), took 46.121ms to complete.
[2016.05.22-09.38.10:997][  0]LogFileHelpers: Loading map 'start' took 1.281
[2016.05.22-09.38.11:119][  0]LogCollectionManager: Loaded 0 collections in 0.003443 seconds
[2016.05.22-09.38.11:162][  0]LogFileCache: Scanning file cache for directory 'D:/Documents/Unreal Projects/SpeedParkour/Saved/Collections/' took 0.01s
[2016.05.22-09.38.11:162][  0]LogFileCache: Scanning file cache for directory 'D:/Documents/Unreal Projects/SpeedParkour/Content/Developers/Administrator/Collections/' took 0.01s
[2016.05.22-09.38.11:162][  0]LogFileCache: Scanning file cache for directory 'D:/Documents/Unreal Projects/SpeedParkour/Content/Collections/' took 0.01s
[2016.05.22-09.38.11:162][  0]LogContentBrowser: Native class hierarchy populated in 0.0086 seconds. Added 1882 classes and 339 folders.
[2016.05.22-09.38.11:169][  0]LogCollectionManager: Rebuilt the GUID cache for 0 collections in 0.000003 seconds
[2016.05.22-09.38.11:179][  0]LogContentBrowser: Native class hierarchy updated for 'WidgetCarousel' in 0.0004 seconds. Added 0 classes and 0 folders.
[2016.05.22-09.38.11:235][  0]LogContentBrowser: Native class hierarchy updated for 'AddContentDialog' in 0.0004 seconds. Added 0 classes and 0 folders.
[2016.05.22-09.38.11:240][  0]LogContentBrowser: Native class hierarchy updated for 'SceneOutliner' in 0.0005 seconds. Added 1 classes and 2 folders.
[2016.05.22-09.38.11:309][  0]LogCrashTracker: Crashtracker disabled due to settings.
[2016.05.22-09.38.11:315][  0]LogUObjectGlobals:Warning: Failed to find object 'Class None.'
[2016.05.22-09.38.11:336][  0]LogLoad: Full Startup: 11.14 seconds (BP compile: 0.01 seconds)
[2016.05.22-09.38.11:718][  0]LogContentStreaming: Texture pool size now 1000 MB
[2016.05.22-09.38.11:836][  0]LogRenderer: Reallocating scene render targets to support 784x356 (Frame:2).
[2016.05.22-09.38.12:733][  2]LogAssetRegistry: Asset discovery search completed in 4.7582 seconds
[2016.05.22-09.38.12:733][  2]LogCollectionManager: Rebuilt the object cache for 0 collections in 0.000001 seconds (found 0 objects)
[2016.05.22-09.38.12:733][  2]LogCollectionManager: Fixed up redirectors for 0 collections in 0.000046 seconds (updated 0 objects)
[2016.05.22-09.39.30:434][802]LogLinker:Warning: Asset '../../../Engine/Content/ArtTools/RenderToTexture/Macros/RenderToTextureMacros.uasset' has been saved with empty engine version. The asset will be loaded but may be incompatible.
[2016.05.22-09.39.31:444][802]LogContentBrowser: Native class hierarchy updated for 'BlueprintGraph' in 0.0010 seconds. Added 107 classes and 0 folders.
[2016.05.22-09.39.39:639][152]LogBlueprintUserMessages: CustomizeDetails for Blueprint 'BP_SaveGamet', cached variable property's owner is '/Game/SaveGame/BP_SaveGamet.SKEL_BP_SaveGamet_C'
[2016.05.22-09.39.40:023][174]LogBlueprintUserMessages: PostEditorRefresh for Blueprint 'BP_SaveGamet', cached variable property's owner is '/Game/SaveGame/BP_SaveGamet.SKEL_BP_SaveGamet_C'
[2016.05.22-09.39.40:036][174]LogBlueprintUserMessages: CustomizeDetails for Blueprint 'BP_SaveGamet', cached variable property's owner is '/Game/SaveGame/BP_SaveGamet.SKEL_BP_SaveGamet_C'
[2016.05.22-09.39.41:662][272]LogBlueprintUserMessages: CustomizeDetails for Blueprint 'BP_SaveGamet', cached variable property's owner is '/Game/SaveGame/BP_SaveGamet.SKEL_BP_SaveGamet_C'
[2016.05.22-09.39.43:108][359]BlueprintLog: New page: Compile BP_SaveGamet
[2016.05.22-09.39.43:201][359]LogBlueprintUserMessages: PostEditorRefresh for Blueprint 'BP_SaveGamet', cached variable property's owner is '/Game/SaveGame/BP_SaveGamet.SKEL_BP_SaveGamet_C'
[2016.05.22-09.39.43:201][359]BlueprintEditorCompileResults: Info [0103.00] Compile of BP_SaveGamet successful! [in 93 ms]
[2016.05.22-09.39.43:213][359]LogBlueprintUserMessages: CustomizeDetails for Blueprint 'BP_SaveGamet', cached variable property's owner is '/Game/SaveGame/BP_SaveGamet.SKEL_BP_SaveGamet_C'
[2016.05.22-09.39.43:933][401]Cmd: OBJ SAVEPACKAGE PACKAGE="/Game/SaveGame/BP_SaveGamet" FILE="D:/Documents/Unreal Projects/SpeedParkour/Content/SaveGame/BP_SaveGamet.uasset" SILENT=true
[2016.05.22-09.39.43:940][401]LogSavePackage: Save=4.661021ms
[2016.05.22-09.39.43:940][401]LogSavePackage: Moving 'D:/Documents/Unreal Projects/SpeedParkour/Saved/BP_SaveGamet680E58E843A1A516F3C0F9A1EBE151A7.tmp' to 'D:/Documents/Unreal Projects/SpeedParkour/Content/SaveGame/BP_SaveGamet.uasset'
[2016.05.22-09.39.43:945][401]LogSavePackage: Total save time: 9.416051ms
[2016.05.22-09.39.43:945][401]LogSavePackage:Warning: Finished SavePackage D:/Documents/Unreal Projects/SpeedParkour/Content/SaveGame/BP_SaveGamet.uasset
[2016.05.22-09.39.50:542][787]LogBlueprintUserMessages: PostEditorRefresh for Blueprint 'BP_SaveGamet', cached variable property's owner is '/Game/SaveGame/BP_SaveGamet.SKEL_BP_SaveGamet_C'
[2016.05.22-09.39.50:543][787]LogBlueprintUserMessages: PostEditorRefresh for Blueprint 'BP_SaveGamet', cached variable property's owner is '/Game/SaveGame/BP_SaveGamet.SKEL_BP_SaveGamet_C'
[2016.05.22-09.39.50:545][787]LogBlueprintUserMessages: PostEditorRefresh for Blueprint 'BP_SaveGamet', cached variable property's owner is '/Game/SaveGame/BP_SaveGamet.SKEL_BP_SaveGamet_C'
[2016.05.22-09.39.50:557][787]LogBlueprintUserMessages: CustomizeDetails for Blueprint 'BP_SaveGamet', cached variable property's owner is '/Game/SaveGame/BP_SaveGamet.SKEL_BP_SaveGamet_C'
[2016.05.22-09.39.52:178][885]BlueprintLog: New page: Compile BP_SaveGamet
[2016.05.22-09.39.52:264][885]LogBlueprintUserMessages: PostEditorRefresh for Blueprint 'BP_SaveGamet', cached variable property's owner is '/Game/SaveGame/BP_SaveGamet.SKEL_BP_SaveGamet_C'
[2016.05.22-09.39.52:265][885]BlueprintEditorCompileResults: Info [0112.06] Compile of BP_SaveGamet successful! [in 86 ms]
[2016.05.22-09.39.52:276][885]LogBlueprintUserMessages: CustomizeDetails for Blueprint 'BP_SaveGamet', cached variable property's owner is '/Game/SaveGame/BP_SaveGamet.SKEL_BP_SaveGamet_C'
[2016.05.22-09.39.52:651][907]Cmd: OBJ SAVEPACKAGE PACKAGE="/Game/SaveGame/BP_SaveGamet" FILE="D:/Documents/Unreal Projects/SpeedParkour/Content/SaveGame/BP_SaveGamet.uasset" SILENT=true
[2016.05.22-09.39.53:064][907]LogSavePackage: Save=5.122443ms
[2016.05.22-09.39.53:064][907]LogSavePackage: Moving 'D:/Documents/Unreal Projects/SpeedParkour/Saved/BP_SaveGamet8D2DD1DF43C81DF0594ECC926CB73B85.tmp' to 'D:/Documents/Unreal Projects/SpeedParkour/Content/SaveGame/BP_SaveGamet.uasset'
[2016.05.22-09.39.53:069][907]LogSavePackage: Total save time: 415.497545ms
[2016.05.22-09.39.53:069][907]LogSavePackage:Warning: Finished SavePackage D:/Documents/Unreal Projects/SpeedParkour/Content/SaveGame/BP_SaveGamet.uasset
[2016.05.22-09.39.53:816][952]LogBlueprintUserMessages: CustomizeDetails for Blueprint 'BP_SaveGamet', cached variable property's owner is '/Game/SaveGame/BP_SaveGamet.SKEL_BP_SaveGamet_C'
[2016.05.22-09.39.56:069][ 86]LogBlueprintUserMessages: PostEditorRefresh for Blueprint 'BP_SaveGamet', cached variable property's owner is '/Game/SaveGame/BP_SaveGamet.SKEL_BP_SaveGamet_C'
[2016.05.22-09.39.56:071][ 86]LogBlueprintUserMessages: PostEditorRefresh for Blueprint 'BP_SaveGamet', cached variable property's owner is '/Game/SaveGame/BP_SaveGamet.SKEL_BP_SaveGamet_C'
[2016.05.22-09.39.56:073][ 86]LogBlueprintUserMessages: PostEditorRefresh for Blueprint 'BP_SaveGamet', cached variable property's owner is '/Game/SaveGame/BP_SaveGamet.SKEL_BP_SaveGamet_C'
[2016.05.22-09.39.56:084][ 86]LogBlueprintUserMessages: CustomizeDetails for Blueprint 'BP_SaveGamet', cached variable property's owner is '/Game/SaveGame/BP_SaveGamet.SKEL_BP_SaveGamet_C'
[2016.05.22-09.39.57:372][164]BlueprintLog: New page: Compile BP_SaveGamet
[2016.05.22-09.39.57:459][164]LogBlueprintUserMessages: PostEditorRefresh for Blueprint 'BP_SaveGamet', cached variable property's owner is '/Game/SaveGame/BP_SaveGamet.SKEL_BP_SaveGamet_C'
[2016.05.22-09.39.57:459][164]BlueprintEditorCompileResults: Info [0117.26] Compile of BP_SaveGamet successful! [in 87 ms]
[2016.05.22-09.39.57:470][164]LogBlueprintUserMessages: CustomizeDetails for Blueprint 'BP_SaveGamet', cached variable property's owner is '/Game/SaveGame/BP_SaveGamet.SKEL_BP_SaveGamet_C'
[2016.05.22-09.39.57:887][188]Cmd: OBJ SAVEPACKAGE PACKAGE="/Game/SaveGame/BP_SaveGamet" FILE="D:/Documents/Unreal Projects/SpeedParkour/Content/SaveGame/BP_SaveGamet.uasset" SILENT=true
[2016.05.22-09.39.57:911][188]LogSavePackage: Save=3.726682ms
[2016.05.22-09.39.57:911][188]LogSavePackage: Moving 'D:/Documents/Unreal Projects/SpeedParkour/Saved/BP_SaveGametC0CC6CA348D5388AC626F2AEE368A80B.tmp' to 'D:/Documents/Unreal Projects/SpeedParkour/Content/SaveGame/BP_SaveGamet.uasset'
[2016.05.22-09.39.57:916][188]LogSavePackage: Total save time: 27.259212ms
[2016.05.22-09.39.57:916][188]LogSavePackage:Warning: Finished SavePackage D:/Documents/Unreal Projects/SpeedParkour/Content/SaveGame/BP_SaveGamet.uasset
[2016.05.22-09.39.59:477][282]LogBlueprintUserMessages: PostEditorRefresh for Blueprint 'BP_SaveGamet', cached variable property's owner is '/Game/SaveGame/BP_SaveGamet.SKEL_BP_SaveGamet_C'
[2016.05.22-09.39.59:490][282]LogBlueprintUserMessages: CustomizeDetails for Blueprint 'BP_SaveGamet', cached variable property's owner is '/Game/SaveGame/BP_SaveGamet.SKEL_BP_SaveGamet_C'
[2016.05.22-09.40.07:606][768]LogBlueprintUserMessages: PostEditorRefresh for Blueprint 'BP_SaveGamet', cached variable property's owner is '/Game/SaveGame/BP_SaveGamet.SKEL_BP_SaveGamet_C'
[2016.05.22-09.40.07:608][768]LogBlueprintUserMessages: PostEditorRefresh for Blueprint 'BP_SaveGamet', cached variable property's owner is '/Game/SaveGame/BP_SaveGamet.SKEL_BP_SaveGamet_C'
[2016.05.22-09.40.07:609][768]LogBlueprintUserMessages: PostEditorRefresh for Blueprint 'BP_SaveGamet', cached variable property's owner is '/Game/SaveGame/BP_SaveGamet.SKEL_BP_SaveGamet_C'
[2016.05.22-09.40.07:622][768]LogBlueprintUserMessages: CustomizeDetails for Blueprint 'BP_SaveGamet', cached variable property's owner is '/Game/SaveGame/BP_SaveGamet.SKEL_BP_SaveGamet_C'
[2016.05.22-09.40.09:260][867]BlueprintLog: New page: Compile BP_SaveGamet
[2016.05.22-09.40.09:345][867]LogBlueprintUserMessages: PostEditorRefresh for Blueprint 'BP_SaveGamet', cached variable property's owner is '/Game/SaveGame/BP_SaveGamet.SKEL_BP_SaveGamet_C'
[2016.05.22-09.40.09:346][867]BlueprintEditorCompileResults: Info [0129.14] Compile of BP_SaveGamet successful! [in 85 ms]
[2016.05.22-09.40.09:357][867]LogBlueprintUserMessages: CustomizeDetails for Blueprint 'BP_SaveGamet', cached variable property's owner is '/Game/SaveGame/BP_SaveGamet.SKEL_BP_SaveGamet_C'
[2016.05.22-09.40.09:768][891]Cmd: OBJ SAVEPACKAGE PACKAGE="/Game/SaveGame/BP_SaveGamet" FILE="D:/Documents/Unreal Projects/SpeedParkour/Content/SaveGame/BP_SaveGamet.uasset" SILENT=true
[2016.05.22-09.40.09:792][891]LogSavePackage: Save=4.031286ms
[2016.05.22-09.40.09:792][891]LogSavePackage: Moving 'D:/Documents/Unreal Projects/SpeedParkour/Saved/BP_SaveGamet23378FDB43ECACF22F37DEA417A3A6F7.tmp' to 'D:/Documents/Unreal Projects/SpeedParkour/Content/SaveGame/BP_SaveGamet.uasset'
[2016.05.22-09.40.09:797][891]LogSavePackage: Total save time: 27.073249ms
[2016.05.22-09.40.09:797][891]LogSavePackage:Warning: Finished SavePackage D:/Documents/Unreal Projects/SpeedParkour/Content/SaveGame/BP_SaveGamet.uasset
[2016.05.22-09.40.10:541][936]LogBlueprintUserMessages: CustomizeDetails for Blueprint 'BP_SaveGamet', cached variable property's owner is '/Game/SaveGame/BP_SaveGamet.SKEL_BP_SaveGamet_C'
[2016.05.22-09.40.10:927][959]LogBlueprintUserMessages: CustomizeDetails for Blueprint 'BP_SaveGamet', cached variable property's owner is '/Game/SaveGame/BP_SaveGamet.SKEL_BP_SaveGamet_C'
[2016.05.22-09.40.12:278][ 39]Cmd: OBJ SAVEPACKAGE PACKAGE="/Game/SaveGame/BP_SaveGamet" FILE="D:/Documents/Unreal Projects/SpeedParkour/Content/SaveGame/BP_SaveGamet.uasset" SILENT=true
[2016.05.22-09.40.12:303][ 39]LogSavePackage: Save=4.096559ms
[2016.05.22-09.40.12:303][ 39]LogSavePackage: Moving 'D:/Documents/Unreal Projects/SpeedParkour/Saved/BP_SaveGametAC73066A42AD8D42E4FEA985632470D2.tmp' to 'D:/Documents/Unreal Projects/SpeedParkour/Content/SaveGame/BP_SaveGamet.uasset'
[2016.05.22-09.40.12:305][ 39]LogSavePackage: Total save time: 24.612602ms
[2016.05.22-09.40.12:305][ 39]LogSavePackage:Warning: Finished SavePackage D:/Documents/Unreal Projects/SpeedParkour/Content/SaveGame/BP_SaveGamet.uasset
[2016.05.22-09.40.25:003][801]LogBlueprintUserMessages: PostEditorRefresh for Blueprint 'BP_SaveGamet', cached variable property's owner is '/Game/SaveGame/BP_SaveGamet.SKEL_BP_SaveGamet_C'
[2016.05.22-09.40.25:014][801]LogBlueprintUserMessages: CustomizeDetails for Blueprint 'BP_SaveGamet', cached variable property's owner is '/Game/SaveGame/BP_SaveGamet.SKEL_BP_SaveGamet_C'
[2016.05.22-09.40.27:088][926]LogBlueprintUserMessages: CustomizeDetails for Blueprint 'BP_SaveGamet', cached variable property's owner is '/Game/SaveGame/BP_SaveGamet.SKEL_BP_SaveGamet_C'
[2016.05.22-09.40.34:211][353]LogBlueprintUserMessages: PostEditorRefresh for Blueprint 'BP_SaveGamet', cached variable property's owner is '/Game/SaveGame/BP_SaveGamet.SKEL_BP_SaveGamet_C'
[2016.05.22-09.40.34:221][353]LogBlueprintUserMessages: CustomizeDetails for Blueprint 'BP_SaveGamet', cached variable property's owner is '/Game/SaveGame/BP_SaveGamet.SKEL_BP_SaveGamet_C'
[2016.05.22-09.40.35:952][457]LogBlueprintUserMessages: CustomizeDetails for Blueprint 'BP_SaveGamet', cached variable property's owner is '/Game/SaveGame/BP_SaveGamet.SKEL_BP_SaveGamet_C'
[2016.05.22-09.40.41:819][809]LogBlueprintUserMessages: PostEditorRefresh for Blueprint 'BP_SaveGamet', cached variable property's owner is '/Game/SaveGame/BP_SaveGamet.SKEL_BP_SaveGamet_C'
[2016.05.22-09.40.41:830][809]LogBlueprintUserMessages: CustomizeDetails for Blueprint 'BP_SaveGamet', cached variable property's owner is '/Game/SaveGame/BP_SaveGamet.SKEL_BP_SaveGamet_C'
[2016.05.22-09.40.44:084][945]BlueprintLog: New page: Compile BP_SaveGamet
[2016.05.22-09.40.44:160][945]LogBlueprintUserMessages: PostEditorRefresh for Blueprint 'BP_SaveGamet', cached variable property's owner is '/Game/SaveGame/BP_SaveGamet.SKEL_BP_SaveGamet_C'
[2016.05.22-09.40.44:160][945]BlueprintEditorCompileResults: Info [0163.95] Compile of BP_SaveGamet successful! [in 76 ms]
[2016.05.22-09.40.44:171][945]LogBlueprintUserMessages: CustomizeDetails for Blueprint 'BP_SaveGamet', cached variable property's owner is '/Game/SaveGame/BP_SaveGamet.SKEL_BP_SaveGamet_C'
[2016.05.22-09.40.44:806][983]Cmd: OBJ SAVEPACKAGE PACKAGE="/Game/SaveGame/BP_SaveGamet" FILE="D:/Documents/Unreal Projects/SpeedParkour/Content/SaveGame/BP_SaveGamet.uasset" SILENT=true
[2016.05.22-09.40.44:828][983]LogSavePackage: Save=3.862564ms
[2016.05.22-09.40.44:828][983]LogSavePackage: Moving 'D:/Documents/Unreal Projects/SpeedParkour/Saved/BP_SaveGamet9D015D3B4B3F4E5E7EFC7BA8D9ACC5E7.tmp' to 'D:/Documents/Unreal Projects/SpeedParkour/Content/SaveGame/BP_SaveGamet.uasset'
[2016.05.22-09.40.44:832][983]LogSavePackage: Total save time: 24.033364ms
[2016.05.22-09.40.44:832][983]LogSavePackage:Warning: Finished SavePackage D:/Documents/Unreal Projects/SpeedParkour/Content/SaveGame/BP_SaveGamet.uasset
[2016.05.22-09.41.12:040][520]LogLinker:Warning: CreateExport: Failed to load Parent for Function /Game/Prefabs/Score1.Score1_C:UserConstructionScript; removing parent information, but keeping function
[2016.05.22-09.41.12:068][520]LogLinker:Warning: CreateExport: Failed to load Parent for Function /Game/Prefabs/Score2.Score2_C:UserConstructionScript; removing parent information, but keeping function
[2016.05.22-09.41.14:576][520]LogAIModule: Creating AISystem for world Map
[2016.05.22-09.41.14:675][520]Cmd: MAP LOAD FILE="D:/Documents/Unreal Projects/SpeedParkour/Content/Map.umap" TEMPLATE=0 SHOWPROGRESS=1 FEATURELEVEL=3
[2016.05.22-09.41.14:675][520]LightingResults: New page: Lighting Build
[2016.05.22-09.41.14:694][520]LoadErrors: New page: Loading map: Map.umap
[2016.05.22-09.41.14:694][520]MapCheck: New page: Map Check
[2016.05.22-09.41.14:694][520]LightingResults: New page: Lighting Build
[2016.05.22-09.41.14:734][520]LogParticles: Destroying 0 GPU particle simulations for FXSystem 0x00000000238E2F20
[2016.05.22-09.41.14:814][520]LogEditorServer: Finished looking for orphan Actors (0.000 secs)
[2016.05.22-09.41.14:847][520]Cmd: MAP CHECKDEP NOCLEARLOG
[2016.05.22-09.41.14:908][520]MapCheck: Info Map check complete: 0 Error(s), 0 Warning(s), took 60.986ms to complete.
[2016.05.22-09.41.14:909][520]LogFileHelpers: Loading map 'Map' took 0.235
[2016.05.22-09.41.28:121][220]BlueprintLog: New page: Compile Map
[2016.05.22-09.41.28:225][220]BlueprintEditorCompileResults: Info [0208.02] Compile of Map successful! [in 104 ms]
[2016.05.22-09.41.56:357][289]Cmd: OBJ SAVEPACKAGE PACKAGE="/Game/Map" FILE="D:/Documents/Unreal Projects/SpeedParkour/Content/Map.umap" SILENT=true AUTOSAVING=false KEEPDIRTY=false
[2016.05.22-09.41.56:516][289]LogSavePackage: Save=89.467873ms
[2016.05.22-09.41.56:516][289]LogSavePackage: Moving 'D:/Documents/Unreal Projects/SpeedParkour/Saved/MapE932D01A4E3DE86126DDA4ADC832A5B3.tmp' to 'D:/Documents/Unreal Projects/SpeedParkour/Content/Map.umap'
[2016.05.22-09.41.56:521][289]LogSavePackage: Total save time: 111.628454ms
[2016.05.22-09.41.56:521][289]LogSavePackage:Warning: Finished SavePackage D:/Documents/Unreal Projects/SpeedParkour/Content/Map.umap
[2016.05.22-09.43.17:928][592]BlueprintLog: New page: Compile Map
[2016.05.22-09.43.18:022][592]BlueprintEditorCompileResults: Info [0317.81] Compile of Map successful! [in 93 ms]
[2016.05.22-09.43.33:097][181]LogSlate:Warning: Prevented a slow task dialog from being summoned while a context menu was open
[2016.05.22-09.44.18:144][804]LogBlueprintUserMessages: CustomizeDetails for Blueprint 'Map', cached variable property's owner is '/Game/Map.SKEL_Map_C'
[2016.05.22-09.44.29:479][480]LogBlueprintUserMessages: CustomizeDetails for Blueprint 'Map', cached variable property's owner is '/Game/Map.SKEL_Map_C'
[2016.05.22-09.44.31:101][578]BlueprintLog: New page: Compile Map
[2016.05.22-09.44.31:197][578]LogBlueprintUserMessages: PostEditorRefresh for Blueprint 'Map', cached variable property's owner is '/Game/Map.SKEL_Map_C'
[2016.05.22-09.44.31:198][578]BlueprintEditorCompileResults: Info [0390.99] Compile of Map successful! [in 97 ms]
[2016.05.22-09.44.31:208][578]LogBlueprintUserMessages: CustomizeDetails for Blueprint 'Map', cached variable property's owner is '/Game/Map.SKEL_Map_C'
[2016.05.22-09.44.32:145][634]LogBlueprintUserMessages: CustomizeDetails for Blueprint 'Map', cached variable property's owner is '/Game/Map.SKEL_Map_C'
[2016.05.22-09.44.33:256][701]LogBlueprintUserMessages: CustomizeDetails for Blueprint 'Map', cached variable property's owner is '/Game/Map.SKEL_Map_C'
[2016.05.22-09.46.05:892][241]Cmd: OBJ SAVEPACKAGE PACKAGE="/Game/Map" FILE="D:/Documents/Unreal Projects/SpeedParkour/Content/Map.umap" SILENT=true AUTOSAVING=false KEEPDIRTY=false
[2016.05.22-09.46.06:012][241]LogBlueprintUserMessages: PostEditorRefresh for Blueprint 'Map', cached variable property's owner is '/Game/Map.SKEL_Map_C'
[2016.05.22-09.46.06:062][241]LogSavePackage: Save=99.993553ms
[2016.05.22-09.46.06:062][241]LogSavePackage: Moving 'D:/Documents/Unreal Projects/SpeedParkour/Saved/Map1869472847719A31B741F69264221020.tmp' to 'D:/Documents/Unreal Projects/SpeedParkour/Content/Map.umap'
[2016.05.22-09.46.06:066][241]LogSavePackage: Total save time: 119.999737ms
[2016.05.22-09.46.06:066][241]LogSavePackage:Warning: Finished SavePackage D:/Documents/Unreal Projects/SpeedParkour/Content/Map.umap
[2016.05.22-09.46.09:511][414]LogBlueprintUserMessages: CustomizeDetails for Blueprint 'Map', cached variable property's owner is '/Game/Map.SKEL_Map_C'
[2016.05.22-09.46.22:111][113]BlueprintLog: New page: Compile Map
[2016.05.22-09.46.22:203][113]BlueprintEditorCompileResults: Info [0501.99] Compile of Map successful! [in 92 ms]
[2016.05.22-09.46.24:586][256]LogBlueprintUserMessages: CustomizeDetails for Blueprint 'Map', cached variable property's owner is '/Game/Map.SKEL_Map_C'
[2016.05.22-09.46.27:557][434]BlueprintLog: New page: Compile Map
[2016.05.22-09.46.27:649][434]BlueprintEditorCompileResults: Info [0507.43] Compile of Map successful! [in 92 ms]
[2016.05.22-09.46.30:784][615]Cmd: OBJ SAVEPACKAGE PACKAGE="/Game/Map" FILE="D:/Documents/Unreal Projects/SpeedParkour/Content/Map.umap" SILENT=true AUTOSAVING=false KEEPDIRTY=false
[2016.05.22-09.46.30:939][615]LogSavePackage: Save=93.132568ms
[2016.05.22-09.46.30:939][615]LogSavePackage: Moving 'D:/Documents/Unreal Projects/SpeedParkour/Saved/MapCF1EE8F645D250F7BEC4E58EF850D040.tmp' to 'D:/Documents/Unreal Projects/SpeedParkour/Content/Map.umap'
[2016.05.22-09.46.30:943][615]LogSavePackage: Total save time: 113.679405ms
[2016.05.22-09.46.30:943][615]LogSavePackage:Warning: Finished SavePackage D:/Documents/Unreal Projects/SpeedParkour/Content/Map.umap
[2016.05.22-09.46.30:975][615]LogFileHelpers: Saving map 'Map' took 0.259
[2016.05.22-09.46.45:550][367]Cmd: OBJ SAVEPACKAGE PACKAGE="/Game/UMG/Battle/Battle" FILE="D:/Documents/Unreal Projects/SpeedParkour/Content/UMG/Battle/Battle.uasset" SILENT=true
[2016.05.22-09.46.45:757][367]LogSavePackage: Save=128.790985ms
[2016.05.22-09.46.45:758][367]LogSavePackage: Moving 'D:/Documents/Unreal Projects/SpeedParkour/Saved/Battle4DFF7A604E4BD37C9E86869034A1439A.tmp' to 'D:/Documents/Unreal Projects/SpeedParkour/Content/UMG/Battle/Battle.uasset'
[2016.05.22-09.46.45:760][367]LogSavePackage: Total save time: 207.632598ms
[2016.05.22-09.46.45:760][367]LogSavePackage:Warning: Finished SavePackage D:/Documents/Unreal Projects/SpeedParkour/Content/UMG/Battle/Battle.uasset
[2016.05.22-09.50.31:165][253]Cmd: QUIT_EDITOR
[2016.05.22-09.50.31:496][253]LogExit: Preparing to exit.
[2016.05.22-09.50.32:215][253]LogExit: Editor shut down
[2016.05.22-09.50.32:216][253]LogExit: Transaction tracking system shut down
[2016.05.22-09.50.32:216][253]LogParticles: Destroying 0 GPU particle simulations for FXSystem 0x0000000010DD51C0
[2016.05.22-09.50.32:218][253]LogParticles: Destroying 0 GPU particle simulations for FXSystem 0x0000000024429E40
[2016.05.22-09.50.32:218][253]LogParticles: Destroying 0 GPU particle simulations for FXSystem 0x0000000010D202C0
[2016.05.22-09.50.32:224][253]LogParticles: Destroying 0 GPU particle simulations for FXSystem 0x0000000023B9A840
[2016.05.22-09.50.32:225][253]LogParticles: Destroying 0 GPU particle simulations for FXSystem 0x0000000023B9A5C0
[2016.05.22-09.50.32:225][253]LogParticles: Destroying 0 GPU particle simulations for FXSystem 0x00000000127E58A0
[2016.05.22-09.50.32:226][253]LogParticles: Destroying 0 GPU particle simulations for FXSystem 0x0000000037AE51C0
[2016.05.22-09.50.32:538][253]LogExit: Object subsystem successfully closed.
[2016.05.22-09.50.32:556][253]LogD3D11RHI: Shutdown
[2016.05.22-09.50.32:556][253]LogD3D11RHI: CleanupD3DDevice
[2016.05.22-09.50.32:597][253]LogD3D11RHI: ~FD3D11DynamicRHI
[2016.05.22-09.50.32:616][253]LogModuleManager: Shutting down and abandoning module SequencerWidgets (202)
[2016.05.22-09.50.32:616][253]LogModuleManager: Shutting down and abandoning module ExternalImagePicker (201)
[2016.05.22-09.50.32:616][253]LogModuleManager: Shutting down and abandoning module BlueprintGraph (200)
[2016.05.22-09.50.32:616][253]LogModuleManager: Shutting down and abandoning module CrashTracker (199)
[2016.05.22-09.50.32:616][253]LogModuleManager: Shutting down and abandoning module SceneOutliner (198)
[2016.05.22-09.50.32:616][253]LogModuleManager: Shutting down and abandoning module SuperSearch (197)
[2016.05.22-09.50.32:616][253]LogModuleManager: Shutting down and abandoning module WidgetCarousel (196)
[2016.05.22-09.50.32:616][253]LogModuleManager: Shutting down and abandoning module AddContentDialog (195)
[2016.05.22-09.50.32:617][253]LogModuleManager: Shutting down and abandoning module EditorWidgets (194)
[2016.05.22-09.50.32:617][253]LogModuleManager: Shutting down and abandoning module CollectionManager (193)
[2016.05.22-09.50.32:617][253]LogModuleManager: Shutting down and abandoning module StatsViewer (192)
[2016.05.22-09.50.32:617][253]LogModuleManager: Shutting down and abandoning module FoliageEdit (191)
[2016.05.22-09.50.32:617][253]LogModuleManager: Shutting down and abandoning module LandscapeEditor (190)
[2016.05.22-09.50.32:618][253]LogModuleManager: Shutting down and abandoning module ActorPickerMode (189)
[2016.05.22-09.50.32:618][253]LogModuleManager: Shutting down and abandoning module GeometryMode (188)
[2016.05.22-09.50.32:618][253]LogModuleManager: Shutting down and abandoning module TextureAlignMode (187)
[2016.05.22-09.50.32:618][253]LogModuleManager: Shutting down and abandoning module BspMode (186)
[2016.05.22-09.50.32:618][253]LogModuleManager: Shutting down and abandoning module PlacementMode (185)
[2016.05.22-09.50.32:618][253]LogModuleManager: Shutting down and abandoning module AutomationWorker (184)
[2016.05.22-09.50.32:618][253]LogModuleManager: Shutting down and abandoning module CharacterAI (183)
[2016.05.22-09.50.32:618][253]LogModuleManager: Shutting down and abandoning module SmartSnapping (182)
[2016.05.22-09.50.32:618][253]LogModuleManager: Shutting down and abandoning module ViewportSnapping (181)
[2016.05.22-09.50.32:618][253]LogModuleManager: Shutting down and abandoning module LogVisualizer (180)
[2016.05.22-09.50.32:618][253]LogModuleManager: Shutting down and abandoning module GameProjectGeneration (179)
[2016.05.22-09.50.32:618][253]LogModuleManager: Shutting down and abandoning module IntroTutorials (178)
[2016.05.22-09.50.32:618][253]LogModuleManager: Shutting down and abandoning module EditorLiveStreaming (177)
[2016.05.22-09.50.32:618][253]LogModuleManager: Shutting down and abandoning module IOSPlatformEditor (176)
[2016.05.22-09.50.32:618][253]LogModuleManager: Shutting down and abandoning module HTML5PlatformEditor (175)
[2016.05.22-09.50.32:618][253]LogModuleManager: Shutting down and abandoning module AndroidDeviceDetection (174)
[2016.05.22-09.50.33:488][253]LogModuleManager: Shutting down and abandoning module AndroidPlatformEditor (173)
[2016.05.22-09.50.33:488][253]LogModuleManager: Shutting down and abandoning module IOSRuntimeSettings (172)
[2016.05.22-09.50.33:488][253]LogModuleManager: Shutting down and abandoning module AndroidRuntimeSettings (171)
[2016.05.22-09.50.33:488][253]LogModuleManager: Shutting down and abandoning module MergeActors (170)
[2016.05.22-09.50.33:488][253]LogModuleManager: Shutting down and abandoning module SizeMap (169)
[2016.05.22-09.50.33:488][253]LogModuleManager: Shutting down and abandoning module TreeMap (168)
[2016.05.22-09.50.33:488][253]LogModuleManager: Shutting down and abandoning module ReferenceViewer (167)
[2016.05.22-09.50.33:488][253]LogModuleManager: Shutting down and abandoning module LocalizationService (166)
[2016.05.22-09.50.33:488][253]LogModuleManager: Shutting down and abandoning module LocalizationDashboard (165)
[2016.05.22-09.50.33:488][253]LogModuleManager: Shutting down and abandoning module HardwareTargeting (164)
[2016.05.22-09.50.33:488][253]LogModuleManager: Shutting down and abandoning module DeviceProfileEditor (163)
[2016.05.22-09.50.33:488][253]LogModuleManager: Shutting down and abandoning module UndoHistory (162)
[2016.05.22-09.50.33:488][253]LogModuleManager: Shutting down and abandoning module GameplayTagsEditor (161)
[2016.05.22-09.50.33:488][253]LogModuleManager: Shutting down and abandoning module UserFeedback (160)
[2016.05.22-09.50.33:488][253]LogModuleManager: Shutting down and abandoning module XmlParser (159)
[2016.05.22-09.50.33:488][253]LogModuleManager: Shutting down and abandoning module Blutility (158)
[2016.05.22-09.50.33:488][253]LogModuleManager: Shutting down and abandoning module ProjectTargetPlatformEditor (157)
[2016.05.22-09.50.33:488][253]LogModuleManager: Shutting down and abandoning module ProjectSettingsViewer (156)
[2016.05.22-09.50.33:488][253]LogModuleManager: Shutting down and abandoning module InputBindingEditor (155)
[2016.05.22-09.50.33:488][253]LogModuleManager: Shutting down and abandoning module EditorSettingsViewer (154)
[2016.05.22-09.50.33:488][253]LogModuleManager: Shutting down and abandoning module SettingsEditor (153)
[2016.05.22-09.50.33:488][253]LogModuleManager: Shutting down and abandoning module ProjectLauncher (152)
[2016.05.22-09.50.33:488][253]LogModuleManager: Shutting down and abandoning module SessionFrontend (151)
[2016.05.22-09.50.33:488][253]LogModuleManager: Shutting down and abandoning module ProfilerClient (150)
[2016.05.22-09.50.33:488][253]LogModuleManager: Shutting down and abandoning module TargetDeviceServices (149)
[2016.05.22-09.50.33:488][253]LogModuleManager: Shutting down and abandoning module DeviceManager (148)
[2016.05.22-09.50.33:489][253]LogModuleManager: Shutting down and abandoning module AutomationController (147)
[2016.05.22-09.50.33:489][253]LogModuleManager: Shutting down and abandoning module AutomationWindow (146)
[2016.05.22-09.50.33:489][253]LogModuleManager: Shutting down and abandoning module Layers (145)
[2016.05.22-09.50.33:489][253]LogModuleManager: Shutting down and abandoning module ComponentVisualizers (144)
[2016.05.22-09.50.33:489][253]LogModuleManager: Shutting down and abandoning module DetailCustomizations (143)
[2016.05.22-09.50.33:489][253]LogModuleManager: Shutting down and abandoning module PackagesDialog (142)
[2016.05.22-09.50.33:489][253]LogModuleManager: Shutting down and abandoning module Persona (141)
[2016.05.22-09.50.33:489][253]LogModuleManager: Shutting down and abandoning module Kismet (140)
[2016.05.22-09.50.33:489][253]LogModuleManager: Shutting down and abandoning module GraphEditor (139)
[2016.05.22-09.50.33:489][253]LogModuleManager: Shutting down and abandoning module ClassViewer (138)
[2016.05.22-09.50.33:490][253]LogModuleManager: Shutting down and abandoning module Toolbox (137)
[2016.05.22-09.50.33:490][253]LogModuleManager: Shutting down and abandoning module ModuleUI (136)
[2016.05.22-09.50.33:490][253]LogModuleManager: Shutting down and abandoning module MovieSceneTools (135)
[2016.05.22-09.50.33:490][253]LogModuleManager: Shutting down and abandoning module OutputLog (134)
[2016.05.22-09.50.33:490][253]LogModuleManager: Shutting down and abandoning module GammaUI (133)
[2016.05.22-09.50.33:490][253]LogModuleManager: Shutting down and abandoning module Documentation (132)
[2016.05.22-09.50.33:491][253]LogModuleManager: Shutting down and abandoning module GameLiveStreaming (131)
[2016.05.22-09.50.33:491][253]LogModuleManager: Shutting down and abandoning module StreamingPauseRendering (130)
[2016.05.22-09.50.33:491][253]LogModuleManager: Shutting down and abandoning module AnalyticsET (129)
[2016.05.22-09.50.33:491][253]LogModuleManager: Shutting down and abandoning module Analytics (128)
[2016.05.22-09.50.33:491][253]LogModuleManager: Shutting down and abandoning module AITestSuite (127)
[2016.05.22-09.50.33:491][253]LogModuleManager: Shutting down and abandoning module GameplayDebugger (126)
[2016.05.22-09.50.33:491][253]LogModuleManager: Shutting down and abandoning module AIModule (125)
[2016.05.22-09.50.33:491][253]LogModuleManager: Shutting down and abandoning module ProfilerService (124)
[2016.05.22-09.50.33:608][253]LogModuleManager: Shutting down and abandoning module TaskGraph (123)
[2016.05.22-09.50.33:608][253]LogModuleManager: Shutting down and abandoning module SubstanceEditor (122)
[2016.05.22-09.50.33:608][253]LogModuleManager: Shutting down and abandoning module SlateRemote (121)
[2016.05.22-09.50.33:608][253]LogModuleManager: Shutting down and abandoning module SteamVRController (120)
[2016.05.22-09.50.33:608][253]LogModuleManager: Shutting down and abandoning module SteamVR (119)
[2016.05.22-09.50.33:608][253]LogModuleManager: Shutting down and abandoning module ProceduralMeshComponent (118)
[2016.05.22-09.50.33:608][253]LogModuleManager: Shutting down and abandoning module OculusRift (117)
[2016.05.22-09.50.33:608][253]LogModuleManager: Shutting down and abandoning module OculusLibrary (116)
[2016.05.22-09.50.33:608][253]LogModuleManager: Shutting down and abandoning module LeapMotionController (115)
[2016.05.22-09.50.33:618][253]LogModuleManager: Shutting down and abandoning module CustomMeshComponent (114)
[2016.05.22-09.50.33:618][253]LogModuleManager: Shutting down and abandoning module CableComponent (113)
[2016.05.22-09.50.33:618][253]LogModuleManager: Shutting down and abandoning module ArchVisCharacter (112)
[2016.05.22-09.50.33:618][253]LogModuleManager: Shutting down and abandoning module MessagingDebugger (111)
[2016.05.22-09.50.33:618][253]LogModuleManager: Shutting down and abandoning module MediaPlayerEditor (110)
[2016.05.22-09.50.33:618][253]LogModuleManager: Shutting down and abandoning module HTML5Networking (109)
[2016.05.22-09.50.33:618][253]LogModuleManager: Shutting down and abandoning module SpeedTreeImporter (108)
[2016.05.22-09.50.33:618][253]LogModuleManager: Shutting down and abandoning module PluginBrowser (107)
[2016.05.22-09.50.33:618][253]LogModuleManager: Shutting down and abandoning module EpicSurvey (106)
[2016.05.22-09.50.33:618][253]LogModuleManager: Shutting down and abandoning module DesktopPlatform (105)
[2016.05.22-09.50.33:618][253]LogModuleManager: Shutting down and abandoning module VisualStudioSourceCodeAccess (104)
[2016.05.22-09.50.33:618][253]LogModuleManager: Shutting down and abandoning module UObjectPlugin (103)
[2016.05.22-09.50.33:618][253]LogModuleManager: Shutting down and abandoning module SubversionSourceControl (102)
[2016.05.22-09.50.33:618][253]LogModuleManager: Shutting down and abandoning module PerforceSourceControl (101)
[2016.05.22-09.50.33:618][253]LogModuleManager: Shutting down and abandoning module SourceControl (100)
[2016.05.22-09.50.33:618][253]LogModuleManager: Shutting down and abandoning module GitSourceControl (99)
[2016.05.22-09.50.33:618][253]LogModuleManager: Shutting down and abandoning module LightPropagationVolumeEditor (98)
[2016.05.22-09.50.33:618][253]LogModuleManager: Shutting down and abandoning module PaperTiledImporter (97)
[2016.05.22-09.50.33:618][253]LogModuleManager: Shutting down and abandoning module PaperSpriteSheetImporter (96)
[2016.05.22-09.50.33:618][253]LogModuleManager: Shutting down and abandoning module MeshPaint (95)
[2016.05.22-09.50.33:618][253]LogModuleManager: Shutting down and abandoning module SlateReflector (94)
[2016.05.22-09.50.33:618][253]LogModuleManager: Shutting down and abandoning module HotReload (93)
[2016.05.22-09.50.33:618][253]LogModuleManager: Shutting down and abandoning module MainFrame (92)
[2016.05.22-09.50.33:618][253]LogModuleManager: Shutting down and abandoning module LevelEditor (91)
[2016.05.22-09.50.33:620][253]LogModuleManager: Shutting down and abandoning module ContentBrowser (90)
[2016.05.22-09.50.33:620][253]LogModuleManager: Shutting down and abandoning module Paper2DEditor (89)
[2016.05.22-09.50.33:620][253]LogModuleManager: Shutting down and abandoning module UdpMessaging (88)
[2016.05.22-09.50.33:720][253]LogModuleManager: Shutting down and abandoning module DirectoryWatcher (87)
[2016.05.22-09.50.33:721][253]LogModuleManager: Shutting down and abandoning module AssetRegistry (86)
[2016.05.22-09.50.33:810][253]LogModuleManager: Shutting down and abandoning module SubstanceCore (85)
[2016.05.22-09.50.33:810][253]LogModuleManager: Shutting down and abandoning module LightPropagationVolumeRuntime (84)
[2016.05.22-09.50.33:810][253]LogModuleManager: Shutting down and abandoning module Paper2D (83)
[2016.05.22-09.50.33:810][253]LogModuleManager: Shutting down and abandoning module WindowsMoviePlayer (82)
[2016.05.22-09.50.33:813][253]LogModuleManager: Shutting down and abandoning module Media (81)
[2016.05.22-09.50.33:813][253]LogModuleManager: Shutting down and abandoning module WmfMedia (80)
[2016.05.22-09.50.33:813][253]LogModuleManager: Shutting down and abandoning module OnlineBlueprintSupport (79)
[2016.05.22-09.50.33:813][253]LogModuleManager: Shutting down and abandoning module GameplayTasksEditor (78)
[2016.05.22-09.50.33:814][253]LogModuleManager: Shutting down and abandoning module PropertyEditor (77)
[2016.05.22-09.50.33:814][253]LogModuleManager: Shutting down and abandoning module BehaviorTreeEditor (76)
[2016.05.22-09.50.33:814][253]LogModuleManager: Shutting down and abandoning module FunctionalTesting (75)
[2016.05.22-09.50.33:814][253]LogModuleManager: Shutting down and abandoning module CollisionAnalyzer (74)
[2016.05.22-09.50.33:814][253]LogModuleManager: Shutting down and abandoning module WorkspaceMenuStructure (73)
[2016.05.22-09.50.33:814][253]LogModuleManager: Shutting down and abandoning module MessageLog (72)
[2016.05.22-09.50.33:814][253]LogModuleManager: Shutting down and abandoning module Sequencer (71)
[2016.05.22-09.50.33:814][253]LogModuleManager: Shutting down and abandoning module AssetTools (70)
[2016.05.22-09.50.33:814][253]LogModuleManager: Shutting down and abandoning module UMGEditor (69)
[2016.05.22-09.50.33:814][253]LogModuleManager: Shutting down and abandoning module UMG (68)
[2016.05.22-09.50.33:814][253]LogModuleManager: Shutting down and abandoning module Slate (67)
[2016.05.22-09.50.33:814][253]LogModuleManager: Shutting down and abandoning module EditorStyle (66)
[2016.05.22-09.50.33:816][253]LogModuleManager: Shutting down and abandoning module SessionServices (65)
[2016.05.22-09.50.33:816][253]LogModuleManager: Shutting down and abandoning module SourceCodeAccess (64)
[2016.05.22-09.50.33:816][253]LogModuleManager: Shutting down and abandoning module HeadMountedDisplay (63)
[2016.05.22-09.50.33:816][253]LogModuleManager: Shutting down and abandoning module XAudio2 (62)
[2016.05.22-09.50.33:816][253]LogModuleManager: Shutting down and abandoning module Networking (60)
[2016.05.22-09.50.33:816][253]LogModuleManager: Shutting down and abandoning module Core (59)
[2016.05.22-09.50.33:816][253]LogModuleManager: Shutting down and abandoning module KismetCompiler (58)
[2016.05.22-09.50.33:816][253]LogModuleManager: Shutting down and abandoning module PhysXFormats (57)
[2016.05.22-09.50.33:816][253]LogModuleManager: Shutting down and abandoning module MeshUtilities (56)
[2016.05.22-09.50.33:816][253]LogModuleManager: Shutting down and abandoning module CookingStats (55)
[2016.05.22-09.50.33:817][253]LogModuleManager: Shutting down and abandoning module DerivedDataCache (54)
[2016.05.22-09.50.33:829][253]LogDerivedDataCache: Shutdown
[2016.05.22-09.50.33:829][253]LogModuleManager: Shutting down and abandoning module ShaderFormatOpenGL (53)
[2016.05.22-09.50.33:829][253]LogModuleManager: Shutting down and abandoning module ShaderFormatD3D (52)
[2016.05.22-09.50.33:829][253]LogModuleManager: Shutting down and abandoning module MetalShaderFormat (51)
[2016.05.22-09.50.33:829][253]LogModuleManager: Shutting down and abandoning module TextureFormatUncompressed (50)
[2016.05.22-09.50.33:829][253]LogModuleManager: Shutting down and abandoning module TextureFormatPVR (49)
[2016.05.22-09.50.33:829][253]LogModuleManager: Shutting down and abandoning module TextureFormatIntelISPCTexComp (48)
[2016.05.22-09.50.33:829][253]LogModuleManager: Shutting down and abandoning module TextureFormatDXT (47)
[2016.05.22-09.50.33:829][253]LogModuleManager: Shutting down and abandoning module ImageWrapper (46)
[2016.05.22-09.50.33:829][253]LogModuleManager: Shutting down and abandoning module TextureFormatASTC (45)
[2016.05.22-09.50.33:829][253]LogModuleManager: Shutting down and abandoning module TextureFormatAndroid (44)
[2016.05.22-09.50.33:829][253]LogModuleManager: Shutting down and abandoning module AudioFormatOpus (43)
[2016.05.22-09.50.33:829][253]LogModuleManager: Shutting down and abandoning module AudioFormatOgg (42)
[2016.05.22-09.50.33:829][253]LogModuleManager: Shutting down and abandoning module AudioFormatADPCM (41)
[2016.05.22-09.50.33:829][253]LogModuleManager: Shutting down and abandoning module LinuxTargetPlatform (40)
[2016.05.22-09.50.33:829][253]LogModuleManager: Shutting down and abandoning module LinuxServerTargetPlatform (39)
[2016.05.22-09.50.33:829][253]LogModuleManager: Shutting down and abandoning module LinuxNoEditorTargetPlatform (38)
[2016.05.22-09.50.33:829][253]LogModuleManager: Shutting down and abandoning module Messaging (37)
[2016.05.22-09.50.33:829][253]LogModuleManager: Shutting down and abandoning module IOSTargetPlatform (36)
[2016.05.22-09.50.33:829][253]LogModuleManager: Shutting down and abandoning module HTML5TargetPlatform (35)
[2016.05.22-09.50.33:829][253]LogModuleManager: Shutting down and abandoning module Android_PVRTCTargetPlatform (34)
[2016.05.22-09.50.33:829][253]LogModuleManager: Shutting down and abandoning module Android_ETC2TargetPlatform (33)
[2016.05.22-09.50.33:829][253]LogModuleManager: Shutting down and abandoning module Android_ETC1TargetPlatform (32)
[2016.05.22-09.50.33:829][253]LogModuleManager: Shutting down and abandoning module Android_DXTTargetPlatform (31)
[2016.05.22-09.50.33:829][253]LogModuleManager: Shutting down and abandoning module Android_ATCTargetPlatform (30)
[2016.05.22-09.50.33:829][253]LogModuleManager: Shutting down and abandoning module Android_ASTCTargetPlatform (29)
[2016.05.22-09.50.33:829][253]LogModuleManager: Shutting down and abandoning module AndroidTargetPlatform (28)
[2016.05.22-09.50.33:829][253]LogModuleManager: Shutting down and abandoning module WindowsTargetPlatform (27)
[2016.05.22-09.50.33:829][253]LogModuleManager: Shutting down and abandoning module WindowsServerTargetPlatform (26)
[2016.05.22-09.50.33:829][253]LogModuleManager: Shutting down and abandoning module WindowsNoEditorTargetPlatform (25)
[2016.05.22-09.50.33:829][253]LogModuleManager: Shutting down and abandoning module WindowsClientTargetPlatform (24)
[2016.05.22-09.50.33:829][253]LogModuleManager: Shutting down and abandoning module AllDesktopTargetPlatform (23)
[2016.05.22-09.50.33:829][253]LogModuleManager: Shutting down and abandoning module TargetPlatform (22)
[2016.05.22-09.50.33:829][253]LogModuleManager: Shutting down and abandoning module InputCore (21)
[2016.05.22-09.50.33:829][253]LogModuleManager: Shutting down and abandoning module Settings (20)
[2016.05.22-09.50.33:829][253]LogModuleManager: Shutting down and abandoning module OnlineSubsystem (18)
[2016.05.22-09.50.33:829][253]LogModuleManager: Shutting down and abandoning module HTTP (17)
[2016.05.22-09.50.36:832][253]LogModuleManager: Shutting down and abandoning module XMPP (16)
[2016.05.22-09.50.36:832][253]LogModuleManager: Shutting down and abandoning module ExampleDeviceProfileSelector (15)
[2016.05.22-09.50.36:832][253]LogModuleManager: Shutting down and abandoning module TextureCompressor (14)
[2016.05.22-09.50.36:832][253]LogModuleManager: Shutting down and abandoning module ShaderCore (13)
[2016.05.22-09.50.36:832][253]LogModuleManager: Shutting down and abandoning module Landscape (12)
[2016.05.22-09.50.36:832][253]LogModuleManager: Shutting down and abandoning module SlateRHIRenderer (11)
[2016.05.22-09.50.36:835][253]LogModuleManager: Shutting down and abandoning module OpenGLDrv (10)
[2016.05.22-09.50.36:835][253]LogModuleManager: Shutting down and abandoning module D3D11RHI (9)
[2016.05.22-09.50.36:835][253]LogModuleManager: Shutting down and abandoning module AnimGraphRuntime (8)
[2016.05.22-09.50.36:835][253]LogModuleManager: Shutting down and abandoning module Renderer (7)
[2016.05.22-09.50.36:835][253]LogModuleManager: Shutting down and abandoning module Engine (6)
[2016.05.22-09.50.36:835][253]LogModuleManager: Shutting down and abandoning module CoreUObject (5)
[2016.05.22-09.50.36:835][253]LogModuleManager: Shutting down and abandoning module NetworkFile (4)
[2016.05.22-09.50.36:835][253]LogModuleManager: Shutting down and abandoning module StreamingFile (3)
[2016.05.22-09.50.36:835][253]LogModuleManager: Shutting down and abandoning module SandboxFile (2)
[2016.05.22-09.50.36:835][253]LogModuleManager: Shutting down and abandoning module PakFile (1)
[2016.05.22-09.50.36:835][253]LogExit: Exiting.
[2016.05.22-09.50.36:837][253]Log file closed, 05/22/16 17:50:36
