[2016.06.13-06.11.00:195][  0]Log file open, 06/13/16 14:11:00
[2016.06.13-06.11.00:195][  0]LogInit:Display: Running engine for game: SpeedParkour
[2016.06.13-06.11.00:195][  0]LogInit:Display: RandInit(1496355218) SRandInit(1496355218).
[2016.06.13-06.11.00:195][  0]LogTaskGraph: Started task graph with 4 named threads and 5 total threads.
[2016.06.13-06.11.00:195][  0]LogStats: Stats thread started at 0.082743
[2016.06.13-06.11.00:195][  0]LogInit: Version: 4.9.2-2707645+++depot+UE4-Releases+4.9
[2016.06.13-06.11.00:195][  0]LogInit: API Version: 2672455
[2016.06.13-06.11.00:195][  0]LogInit: Compiled (64-bit): Sep 28 2015 10:25:44
[2016.06.13-06.11.00:195][  0]LogInit: Compiled with Visual C++: 18.00.21005.01
[2016.06.13-06.11.00:195][  0]LogInit: Build Configuration: Development
[2016.06.13-06.11.00:195][  0]LogInit: Branch Name: ++depot+UE4-Releases+4.9
[2016.06.13-06.11.00:195][  0]LogInit: Command line: 
[2016.06.13-06.11.00:195][  0]LogInit: Base directory: E:/UnrealEngine4/Epic Games/4.9/Engine/Binaries/Win64/
[2016.06.13-06.11.00:195][  0]LogInit: Rocket: 1
[2016.06.13-06.11.00:205][  0]LogInit: Using libcurl 7.41.0
[2016.06.13-06.11.00:205][  0]LogInit:  - built for x86_64-pc-win32
[2016.06.13-06.11.00:205][  0]LogInit:  - supports SSL with WinSSL
[2016.06.13-06.11.00:205][  0]LogInit:  - other features:
[2016.06.13-06.11.00:205][  0]LogInit:      CURL_VERSION_SSL
[2016.06.13-06.11.00:205][  0]LogInit:      CURL_VERSION_IPV6
[2016.06.13-06.11.00:205][  0]LogInit:      CURL_VERSION_ASYNCHDNS
[2016.06.13-06.11.00:205][  0]LogInit:      CURL_VERSION_LARGEFILE
[2016.06.13-06.11.00:206][  0]LogInit:      CURL_VERSION_IDN
[2016.06.13-06.11.00:206][  0]LogInit:  CurlRequestOptions (configurable via config and command line):
[2016.06.13-06.11.00:206][  0]LogInit:  - bVerifyPeer = true  - Libcurl will verify peer certificate
[2016.06.13-06.11.00:206][  0]LogInit:  - bUseHttpProxy = false  - Libcurl will NOT use HTTP proxy
[2016.06.13-06.11.00:206][  0]LogInit:  - bDontReuseConnections = false  - Libcurl will reuse connections
[2016.06.13-06.11.00:206][  0]LogInit:  - CertBundlePath = nullptr  - Libcurl will use whatever was configured at build time.
[2016.06.13-06.11.00:215][  0]LogInit: Presizing for 0 objects not considered by GC, pre-allocating 0 bytes.
[2016.06.13-06.11.00:224][  0]LogInit: Object subsystem initialized
[2016.06.13-06.11.00:225][  0]LogInit: Selected Device Profile: [Windows]
[2016.06.13-06.11.00:225][  0]LogInit: Applying CVar settings loaded from the selected device profile: [Windows]
[2016.06.13-06.11.00:234][  0]LogInit: Computer: PC201501221951
[2016.06.13-06.11.00:234][  0]LogInit: User: Administrator
[2016.06.13-06.11.00:234][  0]LogInit: CPU Page size=4096, Cores=2
[2016.06.13-06.11.00:234][  0]LogInit: High frequency timer resolution =2.435927 MHz
[2016.06.13-06.11.00:234][  0]LogMemory: Memory total: Physical=7.9GB (8GB approx)
[2016.06.13-06.11.00:234][  0]LogMemory: Platform Memory Stats for Windows
[2016.06.13-06.11.00:234][  0]LogMemory: Process Physical Memory: 53.44 MB used, 53.44 MB peak
[2016.06.13-06.11.00:234][  0]LogMemory: Process Virtual Memory: 56.07 MB used, 56.07 MB peak
[2016.06.13-06.11.00:234][  0]LogMemory: Physical Memory: 2377.57 MB used, 8090.36 MB total
[2016.06.13-06.11.00:234][  0]LogMemory: Virtual Memory: 335.61 MB used, 8388608.00 MB total
[2016.06.13-06.11.01:425][  0]LogD3D11RHI: Found D3D11 adapter 0: Intel(R) HD Graphics 4000 (Feature Level 11_0)
[2016.06.13-06.11.01:425][  0]LogD3D11RHI: Adapter has 1071MB of dedicated video memory, 0MB of dedicated system memory, and 3789MB of shared system memory, 1 output[s]
[2016.06.13-06.11.01:425][  0]LogD3D11RHI: Chosen D3D11 Adapter Id = 0
[2016.06.13-06.11.01:431][  0]LogD3D11RHI: !Direct3DDevice
[2016.06.13-06.11.01:431][  0]LogRHI: Texture pool is 1361 MB (70% of 1945 MB)
[2016.06.13-06.11.01:439][  0]LogD3D11RHI: Async texture creation enabled
[2016.06.13-06.11.01:456][  0]LogShaderCompilers: Guid format shader working directory is 15 characters bigger than the processId version (D:/Documents/Unreal Projects/SpeedParkour/Intermediate/Shaders/WorkingDirectory/2468/).
[2016.06.13-06.11.01:456][  0]LogShaderCompilers: Cleaned the shader compiler working directory 'D:/Documents/Unreal Projects/SpeedParkour/Intermediate/Shaders/tmp/94010C024CAC91B7C6E39D8B049051EF/'.
[2016.06.13-06.11.01:456][  0]LogShaderCompilers:Display: Using Local Shader Compiler.
[2016.06.13-06.11.02:950][  0]LogTemp:Display: Loaded TP AllDesktopTargetPlatform
[2016.06.13-06.11.02:956][  0]LogTemp:Display: Loaded TP WindowsClientTargetPlatform
[2016.06.13-06.11.02:963][  0]LogTemp:Display: Loaded TP WindowsNoEditorTargetPlatform
[2016.06.13-06.11.02:969][  0]LogTemp:Display: Loaded TP WindowsServerTargetPlatform
[2016.06.13-06.11.02:975][  0]LogTemp:Display: Loaded TP WindowsTargetPlatform
[2016.06.13-06.11.02:979][  0]LogTemp:Display: Loaded TP AndroidTargetPlatform
[2016.06.13-06.11.02:983][  0]LogTemp:Display: Loaded TP Android_ASTCTargetPlatform
[2016.06.13-06.11.02:987][  0]LogTemp:Display: Loaded TP Android_ATCTargetPlatform
[2016.06.13-06.11.02:991][  0]LogTemp:Display: Loaded TP Android_DXTTargetPlatform
[2016.06.13-06.11.02:995][  0]LogTemp:Display: Loaded TP Android_ETC1TargetPlatform
[2016.06.13-06.11.03:000][  0]LogTemp:Display: Loaded TP Android_ETC2TargetPlatform
[2016.06.13-06.11.03:004][  0]LogTemp:Display: Loaded TP Android_PVRTCTargetPlatform
[2016.06.13-06.11.03:005][  0]LogTemp:Display: Loaded TP HTML5TargetPlatform
[2016.06.13-06.11.03:023][  0]LogTemp:Display: Loaded TP IOSTargetPlatform
[2016.06.13-06.11.03:027][  0]LogTemp:Display: Loaded TP LinuxNoEditorTargetPlatform
[2016.06.13-06.11.03:031][  0]LogTemp:Display: Loaded TP LinuxServerTargetPlatform
[2016.06.13-06.11.03:035][  0]LogTemp:Display: Loaded TP LinuxTargetPlatform
[2016.06.13-06.11.03:035][  0]LogTargetPlatformManager:Display: Building Assets For Windows
[2016.06.13-06.11.03:131][  0]LogDerivedDataCache:Display: Max Cache Size: 512 MB
[2016.06.13-06.11.03:472][  0]LogDerivedDataCache: Loaded boot cache 0.06s 41MB C:/Users/Administrator/AppData/Local/UnrealEngine/4.9/DerivedDataCache/Boot.ddc.
[2016.06.13-06.11.03:472][  0]LogDerivedDataCache:Display: Loaded Boot cache: C:/Users/Administrator/AppData/Local/UnrealEngine/4.9/DerivedDataCache/Boot.ddc
[2016.06.13-06.11.03:472][  0]LogDerivedDataCache: FDerivedDataBackendGraph:  Pak pak cache file D:/Documents/Unreal Projects/SpeedParkour/DerivedDataCache/DDC.ddp not found, will not use a pak cache.
[2016.06.13-06.11.03:472][  0]LogDerivedDataCache: Unable to find inner node Pak for hierarchical cache Hierarchy.
[2016.06.13-06.11.03:472][  0]LogDerivedDataCache: FDerivedDataBackendGraph:  CompressedPak pak cache file D:/Documents/Unreal Projects/SpeedParkour/DerivedDataCache/Compressed.ddp not found, will not use a pak cache.
[2016.06.13-06.11.03:472][  0]LogDerivedDataCache: Unable to find inner node CompressedPak for hierarchical cache Hierarchy.
[2016.06.13-06.11.03:675][  0]LogDerivedDataCache:Display: Pak cache opened for reading ../../../Engine/DerivedDataCache/Compressed.ddp.
[2016.06.13-06.11.03:687][  0]LogDerivedDataCache: Using Local data cache path C:/Users/Administrator/AppData/Local/UnrealEngine/Common/DerivedDataCache: Writable
[2016.06.13-06.11.03:940][  0]LogInit: Selected Device Profile: [Windows]
[2016.06.13-06.11.03:940][  0]LogContentStreaming: Texture pool size is 0.000000MB
[2016.06.13-06.11.03:972][  0]LogMeshUtilities: No automatic mesh reduction module available
[2016.06.13-06.11.03:972][  0]LogMeshUtilities: No automatic mesh merging module available
[2016.06.13-06.11.04:452][  0]LogInit: WinSock: version 1.1 (2.2), MaxSocks=32767, MaxUdp=65467
[2016.06.13-06.11.05:329][  0]LogAssetRegistry: FAssetRegistry took 0.0096 seconds to start up
[2016.06.13-06.11.05:354][  0]UdpMessaging: Initializing bridge on interface 0.0.0.0:0 to multicast group 230.0.0.1:6666.
[2016.06.13-06.11.05:671][  0]SourceControl: Info Source control is disabled
[2016.06.13-06.11.05:696][  0]SourceControl: Info Source control is disabled
[2016.06.13-06.11.05:707][  0]SourceControl: Info Source control is disabled
[2016.06.13-06.11.05:719][  0]SourceControl: Info Source control is disabled
[2016.06.13-06.11.05:878][  0]LogLinker:Warning: Asset '../../../Engine/Plugins/Runtime/LeapMotionController/Content/LM_PassthroughMaterial.uasset' has been saved with empty engine version. The asset will be loaded but may be incompatible.
[2016.06.13-06.11.05:980][  0]LogObj: 28528 objects as part of root set at end of initial load.
[2016.06.13-06.11.05:980][  0]LogUObjectAllocator: 6068464 out of 0 bytes used by permanent object pool.
[2016.06.13-06.11.06:046][  0]LogEngine: Initializing Engine...
[2016.06.13-06.11.06:048][  0]LogHMD: Can't find Oculus library dev build: is proper Runtime installed? Version: 0.7.0.0
[2016.06.13-06.11.06:049][  0]LogHMD: SteamVR failed to initialize.  Err: 110
[2016.06.13-06.11.06:245][  0]LogAIModule: Creating AISystem for world NewWorld
[2016.06.13-06.11.06:252][  0]LogInit: XAudio2 using '扬声器/耳机 (IDT High Definition Audio CODEC)' : 2 channels at 48 kHz using 16 bits per sample (channel mask 0x3)
[2016.06.13-06.11.07:356][  0]LogInit: FAudioDevice initialized.
[2016.06.13-06.11.07:397][  0]LogDerivedDataCache: Saved boot cache 0.04s 41MB C:/Users/Administrator/AppData/Local/UnrealEngine/4.9/DerivedDataCache/Boot.ddc.
[2016.06.13-06.11.07:400][  0]LogInit: Texture streaming: Enabled
[2016.06.13-06.11.07:406][  0]LogAnalytics: Creating configured Analytics provider AnalyticsET
[2016.06.13-06.11.07:406][  0]LogAnalytics: [UEEditor.Rocket.Release] APIServer = http://et2.epicgames.com/ET2/. AppVersion = 4.9.2-2707645+++depot+UE4-Releases+4.9
[2016.06.13-06.11.07:406][  0]LogAnalytics: [UEEditor.Rocket.Release] SetUserId 8eecf5e34f10441dbbd8b7b6e9cef21d|57796e99f93b416d833f00f663f95934|7919e843-469e-437f-ba37-0772f10cf632
[2016.06.13-06.11.07:406][  0]LogAnalytics: [UEEditor.Rocket.Release] AnalyticsET::StartSession
[2016.06.13-06.11.07:443][  0]LogInit: Transaction tracking system initialized
[2016.06.13-06.11.07:490][  0]BlueprintLog: New page: Editor Load
[2016.06.13-06.11.07:595][  0]LocalizationService: Info Localization service is disabled
[2016.06.13-06.11.07:700][  0]LogConsoleResponse:Display: 
[2016.06.13-06.11.07:928][  0]LogCook:Display: Done creating registry. It took  0.00s.
[2016.06.13-06.11.08:019][  0]LogFileCache: Scanning file cache for directory 'D:/Documents/Unreal Projects/SpeedParkour/Content/' took 0.02s
[2016.06.13-06.11.08:019][  0]SourceControl: Info Source control is disabled
[2016.06.13-06.11.08:020][  0]Cmd: MAP LOAD FILE="D:/Documents/Unreal Projects/SpeedParkour/Content/start.umap" TEMPLATE=0 SHOWPROGRESS=1 FEATURELEVEL=3
[2016.06.13-06.11.08:020][  0]LightingResults: New page: Lighting Build
[2016.06.13-06.11.08:025][  0]MapCheck: New page: Map Check
[2016.06.13-06.11.08:025][  0]LightingResults: New page: Lighting Build
[2016.06.13-06.11.08:055][  0]LogParticles: Destroying 0 GPU particle simulations for FXSystem 0x0000000020A7CB80
[2016.06.13-06.11.09:905][  0]LogAIModule: Creating AISystem for world start
[2016.06.13-06.11.09:906][  0]LogPrimitiveComponent: Zero scaling not supported (/Game/start.start:PersistentLevel.Cube_13.StaticMeshComponent0)
[2016.06.13-06.11.09:948][  0]LogEditorServer: Finished looking for orphan Actors (0.000 secs)
[2016.06.13-06.11.09:951][  0]Cmd: MAP CHECKDEP NOCLEARLOG
[2016.06.13-06.11.09:994][  0]MapCheck: Info Map check complete: 0 Error(s), 0 Warning(s), took 42.135ms to complete.
[2016.06.13-06.11.09:994][  0]LogFileHelpers: Loading map 'start' took 1.974
[2016.06.13-06.11.10:125][  0]LogCollectionManager: Loaded 0 collections in 0.002253 seconds
[2016.06.13-06.11.10:166][  0]LogFileCache: Scanning file cache for directory 'D:/Documents/Unreal Projects/SpeedParkour/Saved/Collections/' took 0.01s
[2016.06.13-06.11.10:166][  0]LogFileCache: Scanning file cache for directory 'D:/Documents/Unreal Projects/SpeedParkour/Content/Developers/Administrator/Collections/' took 0.01s
[2016.06.13-06.11.10:166][  0]LogFileCache: Scanning file cache for directory 'D:/Documents/Unreal Projects/SpeedParkour/Content/Collections/' took 0.01s
[2016.06.13-06.11.10:166][  0]LogContentBrowser: Native class hierarchy populated in 0.0080 seconds. Added 1882 classes and 339 folders.
[2016.06.13-06.11.10:172][  0]LogCollectionManager: Rebuilt the GUID cache for 0 collections in 0.000003 seconds
[2016.06.13-06.11.10:181][  0]LogContentBrowser: Native class hierarchy updated for 'WidgetCarousel' in 0.0004 seconds. Added 0 classes and 0 folders.
[2016.06.13-06.11.10:225][  0]LogContentBrowser: Native class hierarchy updated for 'AddContentDialog' in 0.0003 seconds. Added 0 classes and 0 folders.
[2016.06.13-06.11.10:229][  0]LogContentBrowser: Native class hierarchy updated for 'SceneOutliner' in 0.0003 seconds. Added 1 classes and 2 folders.
[2016.06.13-06.11.10:296][  0]LogCrashTracker: Crashtracker disabled due to settings.
[2016.06.13-06.11.10:299][  0]LogUObjectGlobals:Warning: Failed to find object 'Class None.'
[2016.06.13-06.11.10:319][  0]LogLoad: Full Startup: 10.72 seconds (BP compile: 0.01 seconds)
[2016.06.13-06.11.10:379][  0]LogContentStreaming: Texture pool size now 1000 MB
[2016.06.13-06.11.10:506][  0]LogRenderer: Reallocating scene render targets to support 784x356 (Frame:2).
[2016.06.13-06.11.11:022][  2]LogAssetRegistry: Asset discovery search completed in 5.7032 seconds
[2016.06.13-06.11.11:022][  2]LogCollectionManager: Rebuilt the object cache for 0 collections in 0.000001 seconds (found 0 objects)
[2016.06.13-06.11.11:022][  2]LogCollectionManager: Fixed up redirectors for 0 collections in 0.000028 seconds (updated 0 objects)
[2016.06.13-06.12.17:903][672]LogAssetTools:Warning: Failed to copy ../../../Engine/Plugins/2D/Paper2D/Content/TranslucentUnlitSpriteMaterial.uasset to ../../../Engine/Plugins/2D/Paper2D/Content/TranslucentUnlitSpriteMaterial.uasset while migrating assets
[2016.06.13-06.12.20:400][672]LogAssetTools:Warning: Failed to copy ../../../Engine/Plugins/2D/Paper2D/Content/DefaultSpriteMaterial.uasset to ../../../Engine/Plugins/2D/Paper2D/Content/DefaultSpriteMaterial.uasset while migrating assets
[2016.06.13-06.12.20:401][672]LogAssetTools:Warning: Failed to copy ../../../Engine/Plugins/2D/Paper2D/Content/DummySpriteTexture.uasset to ../../../Engine/Plugins/2D/Paper2D/Content/DummySpriteTexture.uasset while migrating assets
[2016.06.13-06.12.20:401][672]LogAssetTools:Warning: Failed to copy ../../../Engine/Plugins/2D/Paper2D/Content/PlaceholderTextures/DummySpriteTexture.uasset to ../../../Engine/Plugins/2D/Paper2D/Content/PlaceholderTextures/DummySpriteTexture.uasset while migrating assets
[2016.06.13-06.12.21:674][672]LogAssetTools:Warning: /Game/Textures/Run_9 does not exist on disk.
[2016.06.13-06.12.21:676][672]LogAssetTools:Warning: /Game/Textures/Slide_1 does not exist on disk.
[2016.06.13-06.12.22:127][672]AssetRegistry: New page: Copy Errors
[2016.06.13-06.12.22:127][672]AssetRegistry:Error: Error ../../../Engine/Plugins/2D/Paper2D/Content/TranslucentUnlitSpriteMaterial.uasset
../../../Engine/Plugins/2D/Paper2D/Content/DefaultSpriteMaterial.uasset
../../../Engine/Plugins/2D/Paper2D/Content/DummySpriteTexture.uasset
../../../Engine/Plugins/2D/Paper2D/Content/PlaceholderTextures/DummySpriteTexture.uasset
/Game/Textures/Run_9 does not exist on disk.
/Game/Textures/Slide_1 does not exist on disk.

[2016.06.13-06.12.22:127][672]AssetRegistry: New page: Copied Successfully
[2016.06.13-06.12.22:128][672]AssetRegistry: Info
[2016.06.13-06.12.22:128][672]AssetRegistry: Info /Game/start
[2016.06.13-06.12.22:128][672]AssetRegistry: Info /Game/Movie/StartGamePlayer_Tex_Mat
[2016.06.13-06.12.22:128][672]AssetRegistry: Info /Game/Movie/StartGamePlayer_Tex
[2016.06.13-06.12.22:128][672]AssetRegistry: Info /Game/Movie/StartGamePlayer
[2016.06.13-06.12.22:128][672]AssetRegistry: Info /Game/LogIn
[2016.06.13-06.12.22:128][672]AssetRegistry: Info /Game/UMG/LogIn/LogInInterface
[2016.06.13-06.12.22:128][672]AssetRegistry: Info /Game/Font/方正琥珀简体
[2016.06.13-06.12.22:128][672]AssetRegistry: Info /Game/UMG/Register/RegisterInterface
[2016.06.13-06.12.22:128][672]AssetRegistry: Info /Game/Sound/sfx/u_btn_click
[2016.06.13-06.12.22:128][672]AssetRegistry: Info /Game/UI/Textures/AttendantLeft
[2016.06.13-06.12.22:128][672]AssetRegistry: Info /Game/UI/Textures/AttendantRight
[2016.06.13-06.12.22:128][672]AssetRegistry: Info /Game/UI/Textures/BackGround_1
[2016.06.13-06.12.22:128][672]AssetRegistry: Info /Game/UI/Textures/Input_bg
[2016.06.13-06.12.22:128][672]AssetRegistry: Info /Game/UI/Textures/MButton_active
[2016.06.13-06.12.22:128][672]AssetRegistry: Info /Game/UI/Textures/MButton_default
[2016.06.13-06.12.22:128][672]AssetRegistry: Info /Game/UI/Textures/CkeckBox_Selected
[2016.06.13-06.12.22:128][672]AssetRegistry: Info /Game/UI/Textures/CkeckBox_UnSelected
[2016.06.13-06.12.22:128][672]AssetRegistry: Info /Game/UI/Textures/Player
[2016.06.13-06.12.22:128][672]AssetRegistry: Info /Game/UI/Textures/Star-B
[2016.06.13-06.12.22:128][672]AssetRegistry: Info /Game/UI/Textures/Star-W
[2016.06.13-06.12.22:128][672]AssetRegistry: Info /Game/UMG/Main/MainInterface
[2016.06.13-06.12.22:128][672]AssetRegistry: Info /Game/UMG/Setup/Setup
[2016.06.13-06.12.22:128][672]AssetRegistry: Info /Game/Sound/bgm/u_bgm
[2016.06.13-06.12.22:128][672]AssetRegistry: Info /Game/UI/Textures/Click
[2016.06.13-06.12.22:128][672]AssetRegistry: Info /Game/UI/Textures/TitleSceneBg__2_
[2016.06.13-06.12.22:128][672]AssetRegistry: Info /Game/UI/Textures/4_1280x800
[2016.06.13-06.12.22:128][672]AssetRegistry: Info /Game/UMG/About/About
[2016.06.13-06.12.22:128][672]AssetRegistry: Info /Game/UI/Textures/10_1920x1200
[2016.06.13-06.12.22:128][672]AssetRegistry: Info /Game/Map
[2016.06.13-06.12.22:128][672]AssetRegistry: Info /Game/BluePrints/CreateLevel
[2016.06.13-06.12.22:129][672]AssetRegistry: Info /Game/Prefabs/Obstacle1
[2016.06.13-06.12.22:129][672]AssetRegistry: Info /Game/BluePrints/Movement
[2016.06.13-06.12.22:129][672]AssetRegistry: Info /Game/BluePrints/ScrewManGameMode
[2016.06.13-06.12.22:129][672]AssetRegistry: Info /Game/Blueprints/ScrewManHUD
[2016.06.13-06.12.22:129][672]AssetRegistry: Info /Game/BluePrints/FpsUI
[2016.06.13-06.12.22:129][672]AssetRegistry: Info /Game/BluePrints/EScrewManState
[2016.06.13-06.12.22:129][672]AssetRegistry: Info /Game/BluePrints/ReloadUI
[2016.06.13-06.12.22:129][672]AssetRegistry: Info /Game/BluePrints/ScrewManPawn
[2016.06.13-06.12.22:129][672]AssetRegistry: Info /Game/BluePrints/JumpCurveControl
[2016.06.13-06.12.22:129][672]AssetRegistry: Info /Game/Curve/OneJumpCurve
[2016.06.13-06.12.22:129][672]AssetRegistry: Info /Game/Curve/TwoJumpCurve
[2016.06.13-06.12.22:129][672]AssetRegistry: Info /Game/BluePrints/Pet_Blueprint
[2016.06.13-06.12.22:129][672]AssetRegistry: Info /Game/BluePrints/MoveToPet
[2016.06.13-06.12.22:129][672]AssetRegistry: Info /Game/BluePrints/EPetState
[2016.06.13-06.12.22:129][672]AssetRegistry: Info /Game/Flipbook/pet/pet_04_BIG
[2016.06.13-06.12.22:129][672]AssetRegistry: Info /Game/Sprits/pet/pet_04_BIG_Sprite_0
[2016.06.13-06.12.22:129][672]AssetRegistry: Info /Game/Textures/pet/pet_04_BIG
[2016.06.13-06.12.22:129][672]AssetRegistry: Info /Game/Sprits/pet/pet_04_BIG_Sprite_1
[2016.06.13-06.12.22:129][672]AssetRegistry: Info /Game/Sprits/pet/pet_04_BIG_Sprite_2
[2016.06.13-06.12.22:129][672]AssetRegistry: Info /Game/Sprits/pet/pet_04_BIG_Sprite_3
[2016.06.13-06.12.22:129][672]AssetRegistry: Info /Game/Sprits/pet/pet_04_BIG_Sprite_4
[2016.06.13-06.12.22:129][672]AssetRegistry: Info /Game/Sprits/pet/pet_04_BIG_Sprite_5
[2016.06.13-06.12.22:129][672]AssetRegistry: Info /Game/Sprits/pet/pet_04_BIG_Sprite_6
[2016.06.13-06.12.22:129][672]AssetRegistry: Info /Game/Audios/Dead
[2016.06.13-06.12.22:129][672]AssetRegistry: Info /Game/Audios/Eat
[2016.06.13-06.12.22:129][672]AssetRegistry: Info /Game/Audios/Jump
[2016.06.13-06.12.22:129][672]AssetRegistry: Info /Game/BluePrints/BG
[2016.06.13-06.12.22:129][672]AssetRegistry: Info /Game/Audios/BG
[2016.06.13-06.12.22:129][672]AssetRegistry: Info /Game/BluePrints/SlideCue
[2016.06.13-06.12.22:129][672]AssetRegistry: Info /Game/Audios/Slide
[2016.06.13-06.12.22:129][672]AssetRegistry: Info /Game/Flipbook/redgirl/redgirl_doublejump
[2016.06.13-06.12.22:129][672]AssetRegistry: Info /Game/Sprits/redgirl/redgirl_DoubleJump_1
[2016.06.13-06.12.22:129][672]AssetRegistry: Info /Game/Textures/redgirl
[2016.06.13-06.12.22:129][672]AssetRegistry: Info /Game/Sprits/redgirl/redgirl_DoubleJump_2
[2016.06.13-06.12.22:129][672]AssetRegistry: Info /Game/Sprits/redgirl/redgirl_DoubleJump_3
[2016.06.13-06.12.22:129][672]AssetRegistry: Info /Game/Sprits/redgirl/redgirl_DoubleJump_4
[2016.06.13-06.12.22:129][672]AssetRegistry: Info /Game/Sprits/redgirl/redgirl_DoubleJump_5
[2016.06.13-06.12.22:129][672]AssetRegistry: Info /Game/Sprits/redgirl/redgirl_DoubleJump_6
[2016.06.13-06.12.22:129][672]AssetRegistry: Info /Game/Sprits/redgirl/redgirl_DoubleJump_7
[2016.06.13-06.12.22:129][672]AssetRegistry: Info /Game/Sprits/redgirl/redgirl_DoubleJump_8
[2016.06.13-06.12.22:129][672]AssetRegistry: Info /Game/Sprits/redgirl/redgirl_OneJunp
[2016.06.13-06.12.22:129][672]AssetRegistry: Info /Game/Flipbook/redgirl/redgirl_onejump
[2016.06.13-06.12.22:129][672]AssetRegistry: Info /Game/Flipbook/redgirl/redgirl_run
[2016.06.13-06.12.22:129][672]AssetRegistry: Info /Game/Sprits/redgirl/redgirl_Run_1
[2016.06.13-06.12.22:129][672]AssetRegistry: Info /Game/Sprits/redgirl/redgirl_Run_10
[2016.06.13-06.12.22:130][672]AssetRegistry: Info /Game/Sprits/redgirl/redgirl_Run_11
[2016.06.13-06.12.22:130][672]AssetRegistry: Info /Game/Sprits/redgirl/redgirl_Run_12
[2016.06.13-06.12.22:130][672]AssetRegistry: Info /Game/Sprits/redgirl/redgirl_Run_2
[2016.06.13-06.12.22:130][672]AssetRegistry: Info /Game/Sprits/redgirl/redgirl_Run_3
[2016.06.13-06.12.22:130][672]AssetRegistry: Info /Game/Sprits/redgirl/redgirl_Run_4
[2016.06.13-06.12.22:130][672]AssetRegistry: Info /Game/Sprits/redgirl/redgirl_Run_5
[2016.06.13-06.12.22:130][672]AssetRegistry: Info /Game/Textures/redgirl_1
[2016.06.13-06.12.22:130][672]AssetRegistry: Info /Game/Sprits/redgirl/redgirl_Run_6
[2016.06.13-06.12.22:130][672]AssetRegistry: Info /Game/Sprits/redgirl/redgirl_Run_7
[2016.06.13-06.12.22:130][672]AssetRegistry: Info /Game/Sprits/redgirl/redgirl_Run_8
[2016.06.13-06.12.22:130][672]AssetRegistry: Info /Game/Sprits/redgirl/redgirl_Run_9
[2016.06.13-06.12.22:130][672]AssetRegistry: Info /Game/Flipbook/redgirl/redgirl_side
[2016.06.13-06.12.22:130][672]AssetRegistry: Info /Game/Sprits/redgirl/redgirl_side
[2016.06.13-06.12.22:130][672]AssetRegistry: Info /Game/Sprites/Leaf3
[2016.06.13-06.12.22:130][672]AssetRegistry: Info /Game/Textures/Atlas
[2016.06.13-06.12.22:130][672]AssetRegistry: Info /Game/Sprites/Obstacle1
[2016.06.13-06.12.22:130][672]AssetRegistry: Info /Game/Prefabs/Obstacle2
[2016.06.13-06.12.22:130][672]AssetRegistry: Info /Game/Sprites/Leaf2
[2016.06.13-06.12.22:130][672]AssetRegistry: Info /Game/Sprites/Obstacle2
[2016.06.13-06.12.22:130][672]AssetRegistry: Info /Game/Prefabs/Obstacle3
[2016.06.13-06.12.22:130][672]AssetRegistry: Info /Game/Sprites/Leaf1
[2016.06.13-06.12.22:130][672]AssetRegistry: Info /Game/Sprites/Obstacle3
[2016.06.13-06.12.22:130][672]AssetRegistry: Info /Game/Prefabs/Score1
[2016.06.13-06.12.22:130][672]AssetRegistry: Info /Game/Prefabs/Score3
[2016.06.13-06.12.22:130][672]AssetRegistry: Info /Game/Prefabs/Score2
[2016.06.13-06.12.22:130][672]AssetRegistry: Info /Game/Prefabs/Score4
[2016.06.13-06.12.22:130][672]AssetRegistry: Info /Game/Prefabs/Score5
[2016.06.13-06.12.22:130][672]AssetRegistry: Info /Game/Sprites/Magnet_Sprite
[2016.06.13-06.12.22:130][672]AssetRegistry: Info /Game/Textures/Magnet
[2016.06.13-06.12.22:130][672]AssetRegistry: Info /Game/BluePrints/DestroyLevel
[2016.06.13-06.12.22:130][672]AssetRegistry: Info /Game/Sprites/Ground
[2016.06.13-06.12.22:130][672]AssetRegistry: Info /Game/Sprites/Sky
[2016.06.13-06.12.22:130][672]AssetRegistry: Info /Game/Sprites/Tree
[2016.06.13-06.12.22:130][672]AssetRegistry: Info /Game/UMG/Battle/Battle
[2016.06.13-06.12.22:130][672]AssetRegistry: Info /Game/UI/Textures/Button_Bg
[2016.06.13-06.12.22:130][672]AssetRegistry: Info /Game/UI/Textures/Jump
[2016.06.13-06.12.22:130][672]AssetRegistry: Info /Game/UI/Textures/side
[2016.06.13-06.12.22:130][672]AssetRegistry: Info /Game/UI/Textures/stopButton
[2016.06.13-06.12.22:130][672]AssetRegistry: Info /Game/UMG/Finish/FinishInterface
[2016.06.13-06.12.22:130][672]AssetRegistry: Info /Game/UI/Textures/TaskBG
[2016.06.13-06.12.22:130][672]AssetRegistry: Info /Game/UI/Textures/TaskPanel_02
[2016.06.13-06.12.22:130][672]AssetRegistry: Info /Game/UI/Textures/TaskPanel_03
[2016.06.13-06.12.22:130][672]AssetRegistry: Info /Game/UI/Textures/TaskPanel_04
[2016.06.13-06.12.22:130][672]AssetRegistry: Info /Game/UI/Textures/TaskPanel_05
[2016.06.13-06.12.22:130][672]AssetRegistry: Info /Game/UI/Textures/WingLeft
[2016.06.13-06.12.22:130][672]AssetRegistry: Info /Game/UI/Textures/WingRight
[2016.06.13-06.12.22:130][672]AssetRegistry: Info /Game/Audios/AirReady
[2016.06.13-06.12.22:130][672]AssetRegistry: Info /Game/Audios/DoubleScore
[2016.06.13-06.12.22:130][672]AssetRegistry: Info /Game/Audios/Money
[2016.06.13-06.12.22:130][672]AssetRegistry: Info /Game/Audios/OBST2
[2016.06.13-06.12.22:130][672]AssetRegistry: Info /Game/Audios/OBST3
[2016.06.13-06.12.22:130][672]AssetRegistry: Info /Game/Audios/Product
[2016.06.13-06.12.22:130][672]AssetRegistry: Info /Game/Audios/Shield
[2016.06.13-06.12.22:131][672]AssetRegistry: Info /Game/Audios/WordFull
[2016.06.13-06.12.22:131][672]AssetRegistry: Info /Game/BluePrints/MovementCycle
[2016.06.13-06.12.22:131][672]AssetRegistry: Info /Game/BluePrints/Obstacle1
[2016.06.13-06.12.22:131][672]AssetRegistry: Info /Game/SaveGame/BP_SaveGamet
[2016.06.13-06.12.22:131][672]AssetRegistry: Info /Game/Sprites/air01_Sprite
[2016.06.13-06.12.22:131][672]AssetRegistry: Info /Game/Sprites/air02_Sprite
[2016.06.13-06.12.22:131][672]AssetRegistry: Info /Game/Sprites/dead001_Sprite
[2016.06.13-06.12.22:131][672]AssetRegistry: Info /Game/Sprites/dead002_Sprite
[2016.06.13-06.12.22:131][672]AssetRegistry: Info /Game/Sprites/dead003_Sprite
[2016.06.13-06.12.22:131][672]AssetRegistry: Info /Game/Sprites/dead004_Sprite
[2016.06.13-06.12.22:131][672]AssetRegistry: Info /Game/Sprites/FastRun_0_Sprite
[2016.06.13-06.12.22:131][672]AssetRegistry: Info /Game/Sprites/FastRun_1_Sprite
[2016.06.13-06.12.22:131][672]AssetRegistry: Info /Game/Sprites/FastRun_2_Sprite
[2016.06.13-06.12.22:131][672]AssetRegistry: Info /Game/Sprites/FastRun_3_Sprite
[2016.06.13-06.12.22:131][672]AssetRegistry: Info /Game/Sprites/FastRun_4_Sprite
[2016.06.13-06.12.22:131][672]AssetRegistry: Info /Game/Sprites/FastRun_5_Sprite
[2016.06.13-06.12.22:131][672]AssetRegistry: Info /Game/Sprites/FastRun_6_Sprite
[2016.06.13-06.12.22:131][672]AssetRegistry: Info /Game/Sprites/FastRun_7_Sprite
[2016.06.13-06.12.22:131][672]AssetRegistry: Info /Game/Sprites/FastRun_8_Sprite
[2016.06.13-06.12.22:131][672]AssetRegistry: Info /Game/Sprites/FastRun_9_Sprite
[2016.06.13-06.12.22:131][672]AssetRegistry: Info /Game/Sprites/onejump_Sprite
[2016.06.13-06.12.22:131][672]AssetRegistry: Info /Game/Sprites/Pet_Sprite
[2016.06.13-06.12.22:131][672]AssetRegistry: Info /Game/Textures/Pet
[2016.06.13-06.12.22:131][672]AssetRegistry: Info /Game/Sprites/Run_0_Sprite
[2016.06.13-06.12.22:131][672]AssetRegistry: Info /Game/Sprites/Run_1_Sprite
[2016.06.13-06.12.22:131][672]AssetRegistry: Info /Game/Sprites/Run_2_Sprite
[2016.06.13-06.12.22:131][672]AssetRegistry: Info /Game/Sprites/Run_3_Sprite
[2016.06.13-06.12.22:131][672]AssetRegistry: Info /Game/Sprites/Run_4_Sprite
[2016.06.13-06.12.22:131][672]AssetRegistry: Info /Game/Sprites/Run_5_Sprite
[2016.06.13-06.12.22:131][672]AssetRegistry: Info /Game/Sprites/Run_6_Sprite
[2016.06.13-06.12.22:131][672]AssetRegistry: Info /Game/Sprites/Run_7_Sprite
[2016.06.13-06.12.22:131][672]AssetRegistry: Info /Game/Sprites/Run_8_Sprite
[2016.06.13-06.12.22:131][672]AssetRegistry: Info /Game/Sprites/Run_9_Sprite
[2016.06.13-06.12.22:131][672]AssetRegistry: Info /Game/Sprites/Slide_0_Sprite
[2016.06.13-06.12.22:131][672]AssetRegistry: Info /Game/Sprites/Slide_1_Sprite
[2016.06.13-06.12.22:131][672]AssetRegistry: Info /Game/Sprites/twojump_1_Sprite
[2016.06.13-06.12.22:131][672]AssetRegistry: Info /Game/Sprites/twojump_2_Sprite
[2016.06.13-06.12.22:131][672]AssetRegistry: Info /Game/Sprites/twojump_3_Sprite
[2016.06.13-06.12.22:131][672]AssetRegistry: Info /Game/Sprites/twojump_4_Sprite
[2016.06.13-06.12.22:131][672]AssetRegistry: Info /Game/Sprites/twojump_5_Sprite
[2016.06.13-06.12.22:131][672]AssetRegistry: Info /Game/Sprites/twojump_6_Sprite
[2016.06.13-06.12.22:131][672]AssetRegistry: Info /Game/Sprites/twojump_7_Sprite
[2016.06.13-06.12.22:131][672]AssetRegistry: Info /Game/Sprites/twojump_8_Sprite
[2016.06.13-06.12.22:131][672]AssetRegistry: Info /Game/Textures/pet/pet_01_BIG
[2016.06.13-06.12.22:131][672]AssetRegistry: Info /Game/Textures/pet/pet_02_BIG
[2016.06.13-06.12.22:131][672]AssetRegistry: Info /Game/Textures/pet/pet_03_BIG
[2016.06.13-06.12.22:131][672]AssetRegistry: Info /Game/Textures/pet/pet_09_BIG
[2016.06.13-06.12.22:131][672]AssetRegistry: Info /Game/Textures/pet/pet_12_BIG
[2016.06.13-06.12.22:131][672]AssetRegistry: Info /Game/Textures/pet/pet_15_BIG
[2016.06.13-06.12.22:131][672]AssetRegistry: Info /Game/Textures/pet/pet_16_BIG
[2016.06.13-06.12.22:131][672]AssetRegistry: Info /Game/Textures/pet/pet_17_BIG
[2016.06.13-06.12.22:131][672]AssetRegistry: Info /Game/Textures/pet/pet_18_BIG
[2016.06.13-06.12.22:131][672]AssetRegistry: Info /Game/Textures/pet/pet_19_BIG
[2016.06.13-06.12.22:131][672]AssetRegistry: Info /Game/Textures/pet/pet_20_BIG
[2016.06.13-06.12.22:131][672]AssetRegistry: Info /Game/Textures/pet/pet_21_BIG
[2016.06.13-06.12.22:132][672]AssetRegistry: Info /Game/Textures/pet/pet_22_BIG
[2016.06.13-06.12.22:132][672]AssetRegistry: Info /Game/Textures/pet/pet_24_BIG
[2016.06.13-06.12.22:132][672]AssetRegistry: Info /Game/Textures/pet/pet_25_BIG
[2016.06.13-06.12.22:132][672]AssetRegistry: Info /Game/Textures/pet/pet_26_BIG
[2016.06.13-06.12.22:132][672]AssetRegistry: Info /Game/Textures/pet/pet_27_BIG
[2016.06.13-06.12.22:132][672]AssetRegistry: Info /Game/Textures/pet/pet_28_BIG
[2016.06.13-06.12.22:132][672]AssetRegistry: Info /Game/Textures/pet/pet_29_BIG
[2016.06.13-06.12.22:132][672]AssetRegistry: Info /Game/Textures/pet/pet_30_BIG
[2016.06.13-06.12.22:132][672]AssetRegistry: Info /Game/Textures/pet/pet_31_BIG
[2016.06.13-06.12.22:132][672]AssetRegistry: Info /Game/Textures/pet/pet_32_BIG
[2016.06.13-06.12.22:132][672]AssetRegistry: Info /Game/Textures/pet/pet_33_BIG
[2016.06.13-06.12.22:132][672]AssetRegistry: Info /Game/Textures/pet/pet_34_BIG
[2016.06.13-06.12.22:132][672]AssetRegistry: Info /Game/Textures/pet/pet_35_BIG
[2016.06.13-06.12.22:132][672]AssetRegistry: Info /Game/Textures/pet/pet_36_BIG
[2016.06.13-06.12.22:132][672]AssetRegistry: Info /Game/Textures/pet/pet_37_BIG
[2016.06.13-06.12.22:132][672]AssetRegistry: Info /Game/Textures/pet/pet_38_BIG
[2016.06.13-06.12.22:132][672]AssetRegistry: Info /Game/Textures/pet/pet_39_BIG
[2016.06.13-06.12.22:132][672]AssetRegistry: Info /Game/Textures/pet/pet_40_BIG
[2016.06.13-06.12.22:132][672]AssetRegistry: Info /Game/Textures/pet/pet_41_BIG
[2016.06.13-06.12.22:132][672]AssetRegistry: Info /Game/Textures/pet/pet_42_BIG
[2016.06.13-06.12.22:132][672]AssetRegistry: Info /Game/Textures/pet/pet_43_BIG
[2016.06.13-06.12.22:132][672]AssetRegistry: Info /Game/Textures/pet/pet_44_BIG
[2016.06.13-06.12.22:132][672]AssetRegistry: Info /Game/Textures/pet/pet_45_BIG
[2016.06.13-06.12.22:132][672]AssetRegistry: Info /Game/Textures/pet/pet_46_BIG
[2016.06.13-06.12.22:132][672]AssetRegistry: Info /Game/Textures/pet/pet_47_BIG
[2016.06.13-06.12.22:132][672]AssetRegistry: Info /Game/Textures/pet/pet_48_BIG
[2016.06.13-06.12.22:132][672]AssetRegistry: Info /Game/Textures/pet/pet_49_BIG
[2016.06.13-06.12.22:132][672]AssetRegistry: Info /Game/Textures/pet/pet_50_BIG
[2016.06.13-06.12.22:132][672]AssetRegistry: Info /Game/Textures/pet/pet_51_BIG
[2016.06.13-06.12.22:132][672]AssetRegistry: Info /Game/Textures/pet/pet_52_BIG
[2016.06.13-06.12.22:132][672]AssetRegistry: Info /Game/Textures/pet/pet_53_BIG
[2016.06.13-06.12.22:132][672]AssetRegistry: Info /Game/Textures/pet/pet_54_BIG
[2016.06.13-06.12.22:132][672]AssetRegistry: Info /Game/Textures/pet/pet_55_BIG
[2016.06.13-06.12.22:132][672]AssetRegistry: Info /Game/Textures/pet/pet_56_BIG
[2016.06.13-06.12.26:286][848]Cmd: QUIT_EDITOR
[2016.06.13-06.12.26:685][848]LogExit: Preparing to exit.
[2016.06.13-06.12.27:503][848]LogExit: Editor shut down
[2016.06.13-06.12.27:503][848]LogExit: Transaction tracking system shut down
[2016.06.13-06.12.27:504][848]LogParticles: Destroying 0 GPU particle simulations for FXSystem 0x0000000022226FC0
[2016.06.13-06.12.27:505][848]LogParticles: Destroying 0 GPU particle simulations for FXSystem 0x0000000010CF1120
[2016.06.13-06.12.27:644][848]LogExit: Object subsystem successfully closed.
[2016.06.13-06.12.27:656][848]LogD3D11RHI: Shutdown
[2016.06.13-06.12.27:656][848]LogD3D11RHI: CleanupD3DDevice
[2016.06.13-06.12.27:686][848]LogD3D11RHI: ~FD3D11DynamicRHI
[2016.06.13-06.12.27:706][848]LogModuleManager: Shutting down and abandoning module CrashTracker (199)
[2016.06.13-06.12.27:706][848]LogModuleManager: Shutting down and abandoning module SceneOutliner (198)
[2016.06.13-06.12.27:706][848]LogModuleManager: Shutting down and abandoning module SuperSearch (197)
[2016.06.13-06.12.27:706][848]LogModuleManager: Shutting down and abandoning module WidgetCarousel (196)
[2016.06.13-06.12.27:706][848]LogModuleManager: Shutting down and abandoning module AddContentDialog (195)
[2016.06.13-06.12.27:707][848]LogModuleManager: Shutting down and abandoning module EditorWidgets (194)
[2016.06.13-06.12.27:707][848]LogModuleManager: Shutting down and abandoning module CollectionManager (193)
[2016.06.13-06.12.27:707][848]LogModuleManager: Shutting down and abandoning module StatsViewer (192)
[2016.06.13-06.12.27:707][848]LogModuleManager: Shutting down and abandoning module FoliageEdit (191)
[2016.06.13-06.12.27:707][848]LogModuleManager: Shutting down and abandoning module LandscapeEditor (190)
[2016.06.13-06.12.27:708][848]LogModuleManager: Shutting down and abandoning module ActorPickerMode (189)
[2016.06.13-06.12.27:708][848]LogModuleManager: Shutting down and abandoning module GeometryMode (188)
[2016.06.13-06.12.27:708][848]LogModuleManager: Shutting down and abandoning module TextureAlignMode (187)
[2016.06.13-06.12.27:708][848]LogModuleManager: Shutting down and abandoning module BspMode (186)
[2016.06.13-06.12.27:708][848]LogModuleManager: Shutting down and abandoning module PlacementMode (185)
[2016.06.13-06.12.27:708][848]LogModuleManager: Shutting down and abandoning module AutomationWorker (184)
[2016.06.13-06.12.27:708][848]LogModuleManager: Shutting down and abandoning module CharacterAI (183)
[2016.06.13-06.12.27:708][848]LogModuleManager: Shutting down and abandoning module SmartSnapping (182)
[2016.06.13-06.12.27:708][848]LogModuleManager: Shutting down and abandoning module ViewportSnapping (181)
[2016.06.13-06.12.27:708][848]LogModuleManager: Shutting down and abandoning module LogVisualizer (180)
[2016.06.13-06.12.27:708][848]LogModuleManager: Shutting down and abandoning module GameProjectGeneration (179)
[2016.06.13-06.12.27:708][848]LogModuleManager: Shutting down and abandoning module IntroTutorials (178)
[2016.06.13-06.12.27:708][848]LogModuleManager: Shutting down and abandoning module EditorLiveStreaming (177)
[2016.06.13-06.12.27:708][848]LogModuleManager: Shutting down and abandoning module IOSPlatformEditor (176)
[2016.06.13-06.12.27:708][848]LogModuleManager: Shutting down and abandoning module HTML5PlatformEditor (175)
[2016.06.13-06.12.27:708][848]LogModuleManager: Shutting down and abandoning module AndroidDeviceDetection (174)
[2016.06.13-06.12.28:648][848]LogModuleManager: Shutting down and abandoning module AndroidPlatformEditor (173)
[2016.06.13-06.12.28:648][848]LogModuleManager: Shutting down and abandoning module IOSRuntimeSettings (172)
[2016.06.13-06.12.28:648][848]LogModuleManager: Shutting down and abandoning module AndroidRuntimeSettings (171)
[2016.06.13-06.12.28:648][848]LogModuleManager: Shutting down and abandoning module MergeActors (170)
[2016.06.13-06.12.28:648][848]LogModuleManager: Shutting down and abandoning module SizeMap (169)
[2016.06.13-06.12.28:648][848]LogModuleManager: Shutting down and abandoning module TreeMap (168)
[2016.06.13-06.12.28:648][848]LogModuleManager: Shutting down and abandoning module ReferenceViewer (167)
[2016.06.13-06.12.28:648][848]LogModuleManager: Shutting down and abandoning module LocalizationService (166)
[2016.06.13-06.12.28:648][848]LogModuleManager: Shutting down and abandoning module LocalizationDashboard (165)
[2016.06.13-06.12.28:648][848]LogModuleManager: Shutting down and abandoning module HardwareTargeting (164)
[2016.06.13-06.12.28:648][848]LogModuleManager: Shutting down and abandoning module DeviceProfileEditor (163)
[2016.06.13-06.12.28:648][848]LogModuleManager: Shutting down and abandoning module UndoHistory (162)
[2016.06.13-06.12.28:648][848]LogModuleManager: Shutting down and abandoning module GameplayTagsEditor (161)
[2016.06.13-06.12.28:648][848]LogModuleManager: Shutting down and abandoning module UserFeedback (160)
[2016.06.13-06.12.28:648][848]LogModuleManager: Shutting down and abandoning module XmlParser (159)
[2016.06.13-06.12.28:648][848]LogModuleManager: Shutting down and abandoning module Blutility (158)
[2016.06.13-06.12.28:648][848]LogModuleManager: Shutting down and abandoning module ProjectTargetPlatformEditor (157)
[2016.06.13-06.12.28:648][848]LogModuleManager: Shutting down and abandoning module ProjectSettingsViewer (156)
[2016.06.13-06.12.28:648][848]LogModuleManager: Shutting down and abandoning module InputBindingEditor (155)
[2016.06.13-06.12.28:648][848]LogModuleManager: Shutting down and abandoning module EditorSettingsViewer (154)
[2016.06.13-06.12.28:648][848]LogModuleManager: Shutting down and abandoning module SettingsEditor (153)
[2016.06.13-06.12.28:648][848]LogModuleManager: Shutting down and abandoning module ProjectLauncher (152)
[2016.06.13-06.12.28:648][848]LogModuleManager: Shutting down and abandoning module SessionFrontend (151)
[2016.06.13-06.12.28:648][848]LogModuleManager: Shutting down and abandoning module ProfilerClient (150)
[2016.06.13-06.12.28:648][848]LogModuleManager: Shutting down and abandoning module TargetDeviceServices (149)
[2016.06.13-06.12.28:648][848]LogModuleManager: Shutting down and abandoning module DeviceManager (148)
[2016.06.13-06.12.28:649][848]LogModuleManager: Shutting down and abandoning module AutomationController (147)
[2016.06.13-06.12.28:649][848]LogModuleManager: Shutting down and abandoning module AutomationWindow (146)
[2016.06.13-06.12.28:649][848]LogModuleManager: Shutting down and abandoning module Layers (145)
[2016.06.13-06.12.28:649][848]LogModuleManager: Shutting down and abandoning module ComponentVisualizers (144)
[2016.06.13-06.12.28:649][848]LogModuleManager: Shutting down and abandoning module DetailCustomizations (143)
[2016.06.13-06.12.28:649][848]LogModuleManager: Shutting down and abandoning module PackagesDialog (142)
[2016.06.13-06.12.28:649][848]LogModuleManager: Shutting down and abandoning module Persona (141)
[2016.06.13-06.12.28:649][848]LogModuleManager: Shutting down and abandoning module Kismet (140)
[2016.06.13-06.12.28:649][848]LogModuleManager: Shutting down and abandoning module GraphEditor (139)
[2016.06.13-06.12.28:649][848]LogModuleManager: Shutting down and abandoning module ClassViewer (138)
[2016.06.13-06.12.28:649][848]LogModuleManager: Shutting down and abandoning module Toolbox (137)
[2016.06.13-06.12.28:649][848]LogModuleManager: Shutting down and abandoning module ModuleUI (136)
[2016.06.13-06.12.28:649][848]LogModuleManager: Shutting down and abandoning module MovieSceneTools (135)
[2016.06.13-06.12.28:649][848]LogModuleManager: Shutting down and abandoning module OutputLog (134)
[2016.06.13-06.12.28:649][848]LogModuleManager: Shutting down and abandoning module GammaUI (133)
[2016.06.13-06.12.28:649][848]LogModuleManager: Shutting down and abandoning module Documentation (132)
[2016.06.13-06.12.28:649][848]LogModuleManager: Shutting down and abandoning module GameLiveStreaming (131)
[2016.06.13-06.12.28:649][848]LogModuleManager: Shutting down and abandoning module StreamingPauseRendering (130)
[2016.06.13-06.12.28:649][848]LogModuleManager: Shutting down and abandoning module AnalyticsET (129)
[2016.06.13-06.12.28:649][848]LogModuleManager: Shutting down and abandoning module Analytics (128)
[2016.06.13-06.12.28:649][848]LogModuleManager: Shutting down and abandoning module AITestSuite (127)
[2016.06.13-06.12.28:649][848]LogModuleManager: Shutting down and abandoning module GameplayDebugger (126)
[2016.06.13-06.12.28:649][848]LogModuleManager: Shutting down and abandoning module AIModule (125)
[2016.06.13-06.12.28:649][848]LogModuleManager: Shutting down and abandoning module ProfilerService (124)
[2016.06.13-06.12.28:797][848]LogModuleManager: Shutting down and abandoning module TaskGraph (123)
[2016.06.13-06.12.28:797][848]LogModuleManager: Shutting down and abandoning module SubstanceEditor (122)
[2016.06.13-06.12.28:797][848]LogModuleManager: Shutting down and abandoning module SlateRemote (121)
[2016.06.13-06.12.28:797][848]LogModuleManager: Shutting down and abandoning module SteamVRController (120)
[2016.06.13-06.12.28:797][848]LogModuleManager: Shutting down and abandoning module SteamVR (119)
[2016.06.13-06.12.28:797][848]LogModuleManager: Shutting down and abandoning module ProceduralMeshComponent (118)
[2016.06.13-06.12.28:797][848]LogModuleManager: Shutting down and abandoning module OculusRift (117)
[2016.06.13-06.12.28:797][848]LogModuleManager: Shutting down and abandoning module OculusLibrary (116)
[2016.06.13-06.12.28:797][848]LogModuleManager: Shutting down and abandoning module LeapMotionController (115)
[2016.06.13-06.12.28:804][848]LogModuleManager: Shutting down and abandoning module CustomMeshComponent (114)
[2016.06.13-06.12.28:804][848]LogModuleManager: Shutting down and abandoning module CableComponent (113)
[2016.06.13-06.12.28:804][848]LogModuleManager: Shutting down and abandoning module ArchVisCharacter (112)
[2016.06.13-06.12.28:804][848]LogModuleManager: Shutting down and abandoning module MessagingDebugger (111)
[2016.06.13-06.12.28:804][848]LogModuleManager: Shutting down and abandoning module MediaPlayerEditor (110)
[2016.06.13-06.12.28:804][848]LogModuleManager: Shutting down and abandoning module HTML5Networking (109)
[2016.06.13-06.12.28:804][848]LogModuleManager: Shutting down and abandoning module SpeedTreeImporter (108)
[2016.06.13-06.12.28:804][848]LogModuleManager: Shutting down and abandoning module PluginBrowser (107)
[2016.06.13-06.12.28:804][848]LogModuleManager: Shutting down and abandoning module EpicSurvey (106)
[2016.06.13-06.12.28:804][848]LogModuleManager: Shutting down and abandoning module DesktopPlatform (105)
[2016.06.13-06.12.28:804][848]LogModuleManager: Shutting down and abandoning module VisualStudioSourceCodeAccess (104)
[2016.06.13-06.12.28:804][848]LogModuleManager: Shutting down and abandoning module UObjectPlugin (103)
[2016.06.13-06.12.28:804][848]LogModuleManager: Shutting down and abandoning module SubversionSourceControl (102)
[2016.06.13-06.12.28:804][848]LogModuleManager: Shutting down and abandoning module PerforceSourceControl (101)
[2016.06.13-06.12.28:804][848]LogModuleManager: Shutting down and abandoning module SourceControl (100)
[2016.06.13-06.12.28:804][848]LogModuleManager: Shutting down and abandoning module GitSourceControl (99)
[2016.06.13-06.12.28:804][848]LogModuleManager: Shutting down and abandoning module LightPropagationVolumeEditor (98)
[2016.06.13-06.12.28:804][848]LogModuleManager: Shutting down and abandoning module PaperTiledImporter (97)
[2016.06.13-06.12.28:804][848]LogModuleManager: Shutting down and abandoning module PaperSpriteSheetImporter (96)
[2016.06.13-06.12.28:804][848]LogModuleManager: Shutting down and abandoning module MeshPaint (95)
[2016.06.13-06.12.28:804][848]LogModuleManager: Shutting down and abandoning module SlateReflector (94)
[2016.06.13-06.12.28:804][848]LogModuleManager: Shutting down and abandoning module HotReload (93)
[2016.06.13-06.12.28:804][848]LogModuleManager: Shutting down and abandoning module MainFrame (92)
[2016.06.13-06.12.28:804][848]LogModuleManager: Shutting down and abandoning module LevelEditor (91)
[2016.06.13-06.12.28:805][848]LogModuleManager: Shutting down and abandoning module ContentBrowser (90)
[2016.06.13-06.12.28:806][848]LogModuleManager: Shutting down and abandoning module Paper2DEditor (89)
[2016.06.13-06.12.28:806][848]LogModuleManager: Shutting down and abandoning module UdpMessaging (88)
[2016.06.13-06.12.28:906][848]LogModuleManager: Shutting down and abandoning module DirectoryWatcher (87)
[2016.06.13-06.12.28:907][848]LogModuleManager: Shutting down and abandoning module AssetRegistry (86)
[2016.06.13-06.12.29:061][848]LogModuleManager: Shutting down and abandoning module SubstanceCore (85)
[2016.06.13-06.12.29:061][848]LogModuleManager: Shutting down and abandoning module LightPropagationVolumeRuntime (84)
[2016.06.13-06.12.29:061][848]LogModuleManager: Shutting down and abandoning module Paper2D (83)
[2016.06.13-06.12.29:061][848]LogModuleManager: Shutting down and abandoning module WindowsMoviePlayer (82)
[2016.06.13-06.12.29:065][848]LogModuleManager: Shutting down and abandoning module Media (81)
[2016.06.13-06.12.29:065][848]LogModuleManager: Shutting down and abandoning module WmfMedia (80)
[2016.06.13-06.12.29:065][848]LogModuleManager: Shutting down and abandoning module OnlineBlueprintSupport (79)
[2016.06.13-06.12.29:065][848]LogModuleManager: Shutting down and abandoning module GameplayTasksEditor (78)
[2016.06.13-06.12.29:065][848]LogModuleManager: Shutting down and abandoning module PropertyEditor (77)
[2016.06.13-06.12.29:065][848]LogModuleManager: Shutting down and abandoning module BehaviorTreeEditor (76)
[2016.06.13-06.12.29:065][848]LogModuleManager: Shutting down and abandoning module FunctionalTesting (75)
[2016.06.13-06.12.29:065][848]LogModuleManager: Shutting down and abandoning module CollisionAnalyzer (74)
[2016.06.13-06.12.29:065][848]LogModuleManager: Shutting down and abandoning module WorkspaceMenuStructure (73)
[2016.06.13-06.12.29:065][848]LogModuleManager: Shutting down and abandoning module MessageLog (72)
[2016.06.13-06.12.29:065][848]LogModuleManager: Shutting down and abandoning module Sequencer (71)
[2016.06.13-06.12.29:065][848]LogModuleManager: Shutting down and abandoning module AssetTools (70)
[2016.06.13-06.12.29:065][848]LogModuleManager: Shutting down and abandoning module UMGEditor (69)
[2016.06.13-06.12.29:065][848]LogModuleManager: Shutting down and abandoning module UMG (68)
[2016.06.13-06.12.29:065][848]LogModuleManager: Shutting down and abandoning module Slate (67)
[2016.06.13-06.12.29:065][848]LogModuleManager: Shutting down and abandoning module EditorStyle (66)
[2016.06.13-06.12.29:067][848]LogModuleManager: Shutting down and abandoning module SessionServices (65)
[2016.06.13-06.12.29:067][848]LogModuleManager: Shutting down and abandoning module SourceCodeAccess (64)
[2016.06.13-06.12.29:067][848]LogModuleManager: Shutting down and abandoning module HeadMountedDisplay (63)
[2016.06.13-06.12.29:067][848]LogModuleManager: Shutting down and abandoning module XAudio2 (62)
[2016.06.13-06.12.29:067][848]LogModuleManager: Shutting down and abandoning module Networking (60)
[2016.06.13-06.12.29:067][848]LogModuleManager: Shutting down and abandoning module Core (59)
[2016.06.13-06.12.29:067][848]LogModuleManager: Shutting down and abandoning module KismetCompiler (58)
[2016.06.13-06.12.29:067][848]LogModuleManager: Shutting down and abandoning module PhysXFormats (57)
[2016.06.13-06.12.29:067][848]LogModuleManager: Shutting down and abandoning module MeshUtilities (56)
[2016.06.13-06.12.29:067][848]LogModuleManager: Shutting down and abandoning module CookingStats (55)
[2016.06.13-06.12.29:068][848]LogModuleManager: Shutting down and abandoning module DerivedDataCache (54)
[2016.06.13-06.12.29:230][848]LogDerivedDataCache: Shutdown
[2016.06.13-06.12.29:230][848]LogModuleManager: Shutting down and abandoning module ShaderFormatOpenGL (53)
[2016.06.13-06.12.29:230][848]LogModuleManager: Shutting down and abandoning module ShaderFormatD3D (52)
[2016.06.13-06.12.29:230][848]LogModuleManager: Shutting down and abandoning module MetalShaderFormat (51)
[2016.06.13-06.12.29:230][848]LogModuleManager: Shutting down and abandoning module TextureFormatUncompressed (50)
[2016.06.13-06.12.29:230][848]LogModuleManager: Shutting down and abandoning module TextureFormatPVR (49)
[2016.06.13-06.12.29:230][848]LogModuleManager: Shutting down and abandoning module TextureFormatIntelISPCTexComp (48)
[2016.06.13-06.12.29:230][848]LogModuleManager: Shutting down and abandoning module TextureFormatDXT (47)
[2016.06.13-06.12.29:230][848]LogModuleManager: Shutting down and abandoning module ImageWrapper (46)
[2016.06.13-06.12.29:230][848]LogModuleManager: Shutting down and abandoning module TextureFormatASTC (45)
[2016.06.13-06.12.29:230][848]LogModuleManager: Shutting down and abandoning module TextureFormatAndroid (44)
[2016.06.13-06.12.29:230][848]LogModuleManager: Shutting down and abandoning module AudioFormatOpus (43)
[2016.06.13-06.12.29:230][848]LogModuleManager: Shutting down and abandoning module AudioFormatOgg (42)
[2016.06.13-06.12.29:230][848]LogModuleManager: Shutting down and abandoning module AudioFormatADPCM (41)
[2016.06.13-06.12.29:230][848]LogModuleManager: Shutting down and abandoning module LinuxTargetPlatform (40)
[2016.06.13-06.12.29:230][848]LogModuleManager: Shutting down and abandoning module LinuxServerTargetPlatform (39)
[2016.06.13-06.12.29:230][848]LogModuleManager: Shutting down and abandoning module LinuxNoEditorTargetPlatform (38)
[2016.06.13-06.12.29:231][848]LogModuleManager: Shutting down and abandoning module Messaging (37)
[2016.06.13-06.12.29:231][848]LogModuleManager: Shutting down and abandoning module IOSTargetPlatform (36)
[2016.06.13-06.12.29:231][848]LogModuleManager: Shutting down and abandoning module HTML5TargetPlatform (35)
[2016.06.13-06.12.29:231][848]LogModuleManager: Shutting down and abandoning module Android_PVRTCTargetPlatform (34)
[2016.06.13-06.12.29:231][848]LogModuleManager: Shutting down and abandoning module Android_ETC2TargetPlatform (33)
[2016.06.13-06.12.29:231][848]LogModuleManager: Shutting down and abandoning module Android_ETC1TargetPlatform (32)
[2016.06.13-06.12.29:231][848]LogModuleManager: Shutting down and abandoning module Android_DXTTargetPlatform (31)
[2016.06.13-06.12.29:231][848]LogModuleManager: Shutting down and abandoning module Android_ATCTargetPlatform (30)
[2016.06.13-06.12.29:231][848]LogModuleManager: Shutting down and abandoning module Android_ASTCTargetPlatform (29)
[2016.06.13-06.12.29:231][848]LogModuleManager: Shutting down and abandoning module AndroidTargetPlatform (28)
[2016.06.13-06.12.29:231][848]LogModuleManager: Shutting down and abandoning module WindowsTargetPlatform (27)
[2016.06.13-06.12.29:231][848]LogModuleManager: Shutting down and abandoning module WindowsServerTargetPlatform (26)
[2016.06.13-06.12.29:231][848]LogModuleManager: Shutting down and abandoning module WindowsNoEditorTargetPlatform (25)
[2016.06.13-06.12.29:231][848]LogModuleManager: Shutting down and abandoning module WindowsClientTargetPlatform (24)
[2016.06.13-06.12.29:231][848]LogModuleManager: Shutting down and abandoning module AllDesktopTargetPlatform (23)
[2016.06.13-06.12.29:231][848]LogModuleManager: Shutting down and abandoning module TargetPlatform (22)
[2016.06.13-06.12.29:231][848]LogModuleManager: Shutting down and abandoning module InputCore (21)
[2016.06.13-06.12.29:231][848]LogModuleManager: Shutting down and abandoning module Settings (20)
[2016.06.13-06.12.29:231][848]LogModuleManager: Shutting down and abandoning module OnlineSubsystem (18)
[2016.06.13-06.12.29:231][848]LogModuleManager: Shutting down and abandoning module HTTP (17)
[2016.06.13-06.12.30:236][848]LogModuleManager: Shutting down and abandoning module XMPP (16)
[2016.06.13-06.12.30:236][848]LogModuleManager: Shutting down and abandoning module ExampleDeviceProfileSelector (15)
[2016.06.13-06.12.30:236][848]LogModuleManager: Shutting down and abandoning module TextureCompressor (14)
[2016.06.13-06.12.30:236][848]LogModuleManager: Shutting down and abandoning module ShaderCore (13)
[2016.06.13-06.12.30:236][848]LogModuleManager: Shutting down and abandoning module Landscape (12)
[2016.06.13-06.12.30:236][848]LogModuleManager: Shutting down and abandoning module SlateRHIRenderer (11)
[2016.06.13-06.12.30:237][848]LogModuleManager: Shutting down and abandoning module OpenGLDrv (10)
[2016.06.13-06.12.30:237][848]LogModuleManager: Shutting down and abandoning module D3D11RHI (9)
[2016.06.13-06.12.30:237][848]LogModuleManager: Shutting down and abandoning module AnimGraphRuntime (8)
[2016.06.13-06.12.30:237][848]LogModuleManager: Shutting down and abandoning module Renderer (7)
[2016.06.13-06.12.30:237][848]LogModuleManager: Shutting down and abandoning module Engine (6)
[2016.06.13-06.12.30:237][848]LogModuleManager: Shutting down and abandoning module CoreUObject (5)
[2016.06.13-06.12.30:237][848]LogModuleManager: Shutting down and abandoning module NetworkFile (4)
[2016.06.13-06.12.30:237][848]LogModuleManager: Shutting down and abandoning module StreamingFile (3)
[2016.06.13-06.12.30:237][848]LogModuleManager: Shutting down and abandoning module SandboxFile (2)
[2016.06.13-06.12.30:237][848]LogModuleManager: Shutting down and abandoning module PakFile (1)
[2016.06.13-06.12.30:238][848]LogExit: Exiting.
[2016.06.13-06.12.30:255][848]Log file closed, 06/13/16 14:12:30
